#
# A fatal error has been detected by the Java Runtime Environment:
#
#  SIGILL (0x4) at pc=0x00007fff94d58bde, pid=65111, tid=515
#
# JRE version: Java(TM) SE Runtime Environment (8.0_91-b14) (build 1.8.0_91-b14)
# Java VM: Java HotSpot(TM) 64-Bit Server VM (25.91-b14 mixed mode bsd-amd64 compressed oops)
# Problematic frame:
# C  [libsystem_platform.dylib+0x5bde]  _os_unfair_lock_corruption_abort+0x17
#
# Failed to write core dump. Core dumps have been disabled. To enable core dumping, try "ulimit -c unlimited" before starting Java again
#
# If you would like to submit a bug report, please visit:
#   http://bugreport.java.com/bugreport/crash.jsp
# The crash happened outside the Java Virtual Machine in native code.
# See problematic frame for where to report the bug.
#

---------------  T H R E A D  ---------------

Current thread (0x0000000125a54800):  JavaThread "Spawner Reaper" daemon [_thread_in_native, id=242959, stack(0x000070000e24d000,0x000070000e34d000)]

siginfo: si_signo: 4 (SIGILL), si_code: 1 (ILL_ILLOPC), si_addr: 0x00007fff94d58bde

Registers:
RAX=0x0000000000000306, RBX=0x0000000000000306, RCX=0x00007fff94d5ab6c, RDX=0x0000000000000000
RSP=0x000070000e34c1a8, RBP=0x000070000e34c1e0, RSI=0x00007fff9d885f40, RDI=0x0000000000000306
R8 =0x000000000000063c, R9 =0x0000000132c0d770, R10=0x0000000000000000, R11=0x0000000000000246
R12=0x00007fff9d885f40, R13=0x0000000000000203, R14=0x0000000001010002, R15=0x0000000000000203
RIP=0x00007fff94d58bde, EFLAGS=0x0000000000010246, ERR=0x0000000000000000
  TRAPNO=0x0000000000000006

Top of Stack: (sp=0x000070000e34c1a8)
0x000070000e34c1a8:   00007fff94d5844e 0000000000000307
0x000070000e34c1b8:   0000000000000ac0 0000000132c1e1b0
0x000070000e34c1c8:   00007fff9d885480 00007fff9d885f40
0x000070000e34c1d8:   0000000127b69e58 000070000e34c230
0x000070000e34c1e8:   00007fff94260370 0000000000000000
0x000070000e34c1f8:   0000000000000000 0000000000000000
0x000070000e34c208:   0000000132c1e1b0 0000000000000000
0x000070000e34c218:   0000000000000000 0000000132c1e101
0x000070000e34c228:   0000000127b69e58 000070000e34c250
0x000070000e34c238:   00007fff942600b7 0000000132c1e1b0
0x000070000e34c248:   0000000132c1e1b0 000070000e34c270
0x000070000e34c258:   00007fff94260017 0000000000000000
0x000070000e34c268:   00000001314e4500 000070000e34c2e0
0x000070000e34c278:   00007fff94da1672 0000000000000000
0x000070000e34c288:   000070000e34c300 0300000780001513
0x000070000e34c298:   0000000110000003 0000000132c46700
0x000070000e34c2a8:   0000002332c4aa90 0000000132c47830
0x000070000e34c2b8:   000000000000008d 00000000000000cf
0x000070000e34c2c8:   0000000100007440 0000000000000005
0x000070000e34c2d8:   0000000132c4aa90 000070000e34c350
0x000070000e34c2e8:   00007fff94da134d 0000000000000008
0x000070000e34c2f8:   000070000e34c390 0000000000000000
0x000070000e34c308:   0000000132c4aa90 00007fff94dbc60d
0x000070000e34c318:   0000000132c4aa90 000070000e34c350
0x000070000e34c328:   0000000000000008 0000000000000000
0x000070000e34c338:   0000000132c4aa90 0000000000000008
0x000070000e34c348:   00007fff94c5a290 000070000e34c3e0
0x000070000e34c358:   00007fff94da0f00 0000000000000000
0x000070000e34c368:   0000000000000000 000070000e34c3f0
0x000070000e34c378:   0000000000000000 00007fff94c5a290
0x000070000e34c388:   000070000e34c424 0000000000000000
0x000070000e34c398:   0000000000000000 0000000000000000 

Instructions: (pc=0x00007fff94d58bde)
0x00007fff94d58bbe:   89 f7 e8 55 18 00 00 eb ae 89 f8 48 8d 0d 9c 1f
0x00007fff94d58bce:   00 00 48 89 0d e1 c6 bd 08 48 89 05 0a c7 bd 08
0x00007fff94d58bde:   0f 0b 89 f8 48 8d 0d 12 20 00 00 48 89 0d c8 c6
0x00007fff94d58bee:   bd 08 48 89 05 f1 c6 bd 08 0f 0b 55 48 89 e5 41 

Register to memory mapping:

RAX=0x0000000000000306 is an unknown value
RBX=0x0000000000000306 is an unknown value
RCX=0x00007fff94d5ab6c: _h+0x25c in /usr/lib/system/libsystem_platform.dylib at 0x00007fff94d53000
RDX=0x0000000000000000 is an unknown value
RSP=0x000070000e34c1a8 is pointing into the stack for thread: 0x0000000125a54800
RBP=0x000070000e34c1e0 is pointing into the stack for thread: 0x0000000125a54800
RSI=0x00007fff9d885f40: _ZN12_GLOBAL__N_1L12SideTableBufE+0xac0 in /usr/lib/libobjc.A.dylib at 0x00007fff94257000
RDI=0x0000000000000306 is an unknown value
R8 =0x000000000000063c is an unknown value
R9 =0x0000000132c0d770 is an unknown value
R10=0x0000000000000000 is an unknown value
R11=0x0000000000000246 is an unknown value
R12=0x00007fff9d885f40: _ZN12_GLOBAL__N_1L12SideTableBufE+0xac0 in /usr/lib/libobjc.A.dylib at 0x00007fff94257000
R13=0x0000000000000203 is an unknown value
R14=0x0000000001010002 is an unknown value
R15=0x0000000000000203 is an unknown value


Stack: [0x000070000e24d000,0x000070000e34d000],  sp=0x000070000e34c1a8,  free space=1020k
Native frames: (J=compiled Java code, j=interpreted, Vv=VM code, C=native code)
C  [libsystem_platform.dylib+0x5bde]  _os_unfair_lock_corruption_abort+0x17
C  [libobjc.A.dylib+0x9370]  objc_object::sidetable_clearDeallocating()+0x54
C  [libobjc.A.dylib+0x90b7]  objc_destructInstance+0x8f
C  [libobjc.A.dylib+0x9017]  object_dispose+0x16
C  [libxpc.dylib+0x5672]  xpc_pipe_routine+0x297
C  [libxpc.dylib+0x534d]  _xpc_interface_routine+0xa4
C  [libxpc.dylib+0x4f00]  bootstrap_look_up3+0xc1
C  [libxpc.dylib+0x4e2d]  bootstrap_look_up2+0x2d
C  [libxpc.dylib+0x708f]  xpc_pipe_create+0x3d
C  [libsystem_info.dylib+0x1a9f]  _od_xpc_pipe+0x96
C  [libsystem_info.dylib+0x19dc]  _od_running+0xd
C  [libsystem_info.dylib+0x6191]  ds_group_byname+0x12
C  [libsystem_info.dylib+0x6112]  search_group_byname+0x66
C  [libsystem_info.dylib+0x6068]  getgrnam+0x33
C  [libspawner.jnilib+0x265e]  ptys_open+0x1e
C  [libspawner.jnilib+0x20ee]  exec_pty+0x22e
C  [libspawner.jnilib+0x1102]  Java_org_eclipse_cdt_utils_spawner_Spawner_exec2+0x182
j  org.eclipse.cdt.utils.spawner.Spawner.exec2([Ljava/lang/String;[Ljava/lang/String;Ljava/lang/String;[ILjava/lang/String;IZ)I+0
j  org.eclipse.cdt.utils.pty.PTY.exec_pty(Lorg/eclipse/cdt/utils/spawner/Spawner;[Ljava/lang/String;[Ljava/lang/String;Ljava/lang/String;[I)I+48
j  org.eclipse.cdt.utils.spawner.Spawner$2.execute([Ljava/lang/String;[Ljava/lang/String;Ljava/lang/String;[I)I+13
j  org.eclipse.cdt.utils.spawner.Spawner$Reaper.run()V+20
v  ~StubRoutines::call_stub
V  [libjvm.dylib+0x2ec1e6]  JavaCalls::call_helper(JavaValue*, methodHandle*, JavaCallArguments*, Thread*)+0x6ae
V  [libjvm.dylib+0x2ec974]  JavaCalls::call_virtual(JavaValue*, KlassHandle, Symbol*, Symbol*, JavaCallArguments*, Thread*)+0x164
V  [libjvm.dylib+0x2ecb20]  JavaCalls::call_virtual(JavaValue*, Handle, KlassHandle, Symbol*, Symbol*, Thread*)+0x4a
V  [libjvm.dylib+0x34726d]  thread_entry(JavaThread*, Thread*)+0x7c
V  [libjvm.dylib+0x563d17]  JavaThread::thread_main_inner()+0x9b
V  [libjvm.dylib+0x565412]  JavaThread::run()+0x1c2
V  [libjvm.dylib+0x484f82]  java_start(Thread*)+0xf6
C  [libsystem_pthread.dylib+0x3aab]  _pthread_body+0xb4
C  [libsystem_pthread.dylib+0x39f7]  _pthread_body+0x0
C  [libsystem_pthread.dylib+0x3221]  thread_start+0xd
C  0x0000000000000000

Java frames: (J=compiled Java code, j=interpreted, Vv=VM code)
j  org.eclipse.cdt.utils.spawner.Spawner.exec2([Ljava/lang/String;[Ljava/lang/String;Ljava/lang/String;[ILjava/lang/String;IZ)I+0
j  org.eclipse.cdt.utils.pty.PTY.exec_pty(Lorg/eclipse/cdt/utils/spawner/Spawner;[Ljava/lang/String;[Ljava/lang/String;Ljava/lang/String;[I)I+48
j  org.eclipse.cdt.utils.spawner.Spawner$2.execute([Ljava/lang/String;[Ljava/lang/String;Ljava/lang/String;[I)I+13
j  org.eclipse.cdt.utils.spawner.Spawner$Reaper.run()V+20
v  ~StubRoutines::call_stub

---------------  P R O C E S S  ---------------

Java Threads: ( => current thread )
=>0x0000000125a54800 JavaThread "Spawner Reaper" daemon [_thread_in_native, id=242959, stack(0x000070000e24d000,0x000070000e34d000)]
  0x0000000101599000 JavaThread "Worker-1346" [_thread_blocked, id=215187, stack(0x000070000dd3b000,0x000070000de3b000)]
  0x000000012607b000 JavaThread "Worker-1345" [_thread_blocked, id=179327, stack(0x000070000dc38000,0x000070000dd38000)]
  0x00000001041a9000 JavaThread "Worker-1344" [_thread_blocked, id=192655, stack(0x000070000d217000,0x000070000d317000)]
  0x00000001041aa800 JavaThread "Worker-1343" [_thread_blocked, id=243727, stack(0x000070000cc82000,0x000070000cd82000)]
  0x00000001009b5000 JavaThread "org.eclipse.jface.text.reconciler.MonoReconciler" daemon [_thread_blocked, id=214855, stack(0x000070000e047000,0x000070000e147000)]
  0x0000000101585000 JavaThread "org.eclipse.jface.text.reconciler.MonoReconciler" daemon [_thread_blocked, id=228143, stack(0x000070000d31a000,0x000070000d41a000)]
  0x0000000125e92800 JavaThread "Worker-1337" [_thread_blocked, id=199715, stack(0x000070000e556000,0x000070000e656000)]
  0x0000000125dcb000 JavaThread "Worker-1336" [_thread_blocked, id=217263, stack(0x000070000de3e000,0x000070000df3e000)]
  0x0000000101253000 JavaThread "org.eclipse.cdt.internal.ui.text.CReconciler" daemon [_thread_blocked, id=175887, stack(0x000070000d92f000,0x000070000da2f000)]
  0x0000000125a97800 JavaThread "org.eclipse.cdt.internal.ui.text.CReconciler" daemon [_thread_blocked, id=116031, stack(0x000070000e14a000,0x000070000e24a000)]
  0x0000000122935800 JavaThread "org.eclipse.cdt.internal.ui.text.CReconciler" daemon [_thread_blocked, id=119167, stack(0x000070000df44000,0x000070000e044000)]
  0x000000010117e000 JavaThread "org.eclipse.cdt.internal.ui.text.CReconciler" daemon [_thread_blocked, id=66063, stack(0x000070000db35000,0x000070000dc35000)]
  0x0000000100db0800 JavaThread "org.eclipse.cdt.internal.ui.text.CReconciler" daemon [_thread_blocked, id=87643, stack(0x000070000eb68000,0x000070000ec68000)]
  0x0000000124e80800 JavaThread "Provisioning Event Dispatcher" daemon [_thread_blocked, id=67135, stack(0x000070000da32000,0x000070000db32000)]
  0x000000012629f000 JavaThread "Thread-9" [_thread_blocked, id=90635, stack(0x000070000e962000,0x000070000ea62000)]
  0x00000001266b2800 JavaThread "EventAdmin Async Event Dispatcher Thread" daemon [_thread_blocked, id=59687, stack(0x000070000d82c000,0x000070000d92c000)]
  0x0000000100970000 JavaThread "[ThreadPool Manager] - Idle Thread" daemon [_thread_blocked, id=64887, stack(0x000070000d623000,0x000070000d723000)]
  0x000000010156d000 JavaThread "Java indexing" daemon [_thread_blocked, id=64259, stack(0x000070000d520000,0x000070000d620000)]
  0x0000000125c38000 JavaThread "Bundle File Closer" daemon [_thread_blocked, id=58887, stack(0x000070000d41d000,0x000070000d51d000)]
  0x00000001013cf800 JavaThread "EMF Reference Cleaner" daemon [_thread_blocked, id=55311, stack(0x000070000d114000,0x000070000d214000)]
  0x0000000101467800 JavaThread "Worker-JM" [_thread_blocked, id=61195, stack(0x000070000d011000,0x000070000d111000)]
  0x0000000100dd5800 JavaThread "[Timer] - Main Queue Handler" daemon [_thread_blocked, id=61451, stack(0x000070000cf0e000,0x000070000d00e000)]
  0x0000000100dfe000 JavaThread "Start Level: Equinox Container: 80d9352b-3cdf-0016-156b-9314f54218fb" daemon [_thread_blocked, id=36615, stack(0x000070000cb7f000,0x000070000cc7f000)]
  0x0000000100bd5800 JavaThread "Framework Event Dispatcher: org.eclipse.osgi.internal.framework.EquinoxEventPublisher@6d171ce0" daemon [_thread_blocked, id=36363, stack(0x000070000ca7c000,0x000070000cb7c000)]
  0x00000001019e8800 JavaThread "Active Thread: Equinox Container: 80d9352b-3cdf-0016-156b-9314f54218fb" [_thread_blocked, id=36871, stack(0x000070000b2b1000,0x000070000b3b1000)]
  0x0000000100905000 JavaThread "Service Thread" daemon [_thread_blocked, id=32515, stack(0x000070000c7f3000,0x000070000c8f3000)]
  0x000000010105f800 JavaThread "C1 CompilerThread2" daemon [_thread_in_vm, id=32003, stack(0x000070000c6f0000,0x000070000c7f0000)]
  0x000000010105e800 JavaThread "C2 CompilerThread1" daemon [_thread_in_native, id=31491, stack(0x000070000c5ed000,0x000070000c6ed000)]
  0x000000010105e000 JavaThread "C2 CompilerThread0" daemon [_thread_blocked, id=30979, stack(0x000070000c4ea000,0x000070000c5ea000)]
  0x0000000101044000 JavaThread "Signal Dispatcher" daemon [_thread_blocked, id=30467, stack(0x000070000c3e7000,0x000070000c4e7000)]
  0x0000000101043800 JavaThread "Surrogate Locker Thread (Concurrent GC)" daemon [_thread_blocked, id=29699, stack(0x000070000c2e4000,0x000070000c3e4000)]
  0x0000000100925000 JavaThread "Finalizer" daemon [_thread_blocked, id=28675, stack(0x000070000c1e1000,0x000070000c2e1000)]
  0x000000010102d000 JavaThread "Reference Handler" daemon [_thread_blocked, id=28163, stack(0x000070000c0de000,0x000070000c1de000)]
  0x000000010101c800 JavaThread "main" [_thread_in_native, id=775, stack(0x00007fff5f400000,0x00007fff5fc00000)]

Other Threads:
  0x0000000100922800 VMThread [stack: 0x000070000bfdb000,0x000070000c0db000] [id=27651]
  0x0000000101801800 WatcherThread [stack: 0x000070000c8f6000,0x000070000c9f6000] [id=33027]

VM state:not at safepoint (normal execution)

VM Mutex/Monitor currently owned by a thread: None

Heap:
 garbage-first heap   total 262144K, used 124255K [0x0000000780000000, 0x0000000780100800, 0x00000007c0000000)
  region size 1024K, 8 young (8192K), 5 survivors (5120K)
 Metaspace       used 133845K, capacity 146647K, committed 147200K, reserved 1177600K
  class space    used 15657K, capacity 19559K, committed 19764K, reserved 1048576K

Heap Regions: (Y=young(eden), SU=young(survivor), HS=humongous(starts), HC=humongous(continues), CS=collection set, F=free, TS=gc time stamp, PTAMS=previous top-at-mark-start, NTAMS=next top-at-mark-start)
AC   0  O    TS     0 PTAMS 0x0000000780100000 NTAMS 0x0000000780100000 space 1024K, 100% used [0x0000000780000000, 0x0000000780100000)
AC   0  O    TS     0 PTAMS 0x0000000780200000 NTAMS 0x0000000780200000 space 1024K, 100% used [0x0000000780100000, 0x0000000780200000)
AC   0  O    TS     0 PTAMS 0x0000000780300000 NTAMS 0x0000000780300000 space 1024K, 100% used [0x0000000780200000, 0x0000000780300000)
AC   0  O    TS     0 PTAMS 0x0000000780400000 NTAMS 0x0000000780400000 space 1024K, 100% used [0x0000000780300000, 0x0000000780400000)
AC   0  O    TS     0 PTAMS 0x0000000780500000 NTAMS 0x0000000780500000 space 1024K, 100% used [0x0000000780400000, 0x0000000780500000)
AC   0  O    TS     0 PTAMS 0x0000000780600000 NTAMS 0x0000000780600000 space 1024K, 100% used [0x0000000780500000, 0x0000000780600000)
AC   0  O    TS     0 PTAMS 0x0000000780700000 NTAMS 0x0000000780700000 space 1024K, 100% used [0x0000000780600000, 0x0000000780700000)
AC   0  O    TS     0 PTAMS 0x0000000780800000 NTAMS 0x0000000780800000 space 1024K, 100% used [0x0000000780700000, 0x0000000780800000)
AC   0  O    TS    49 PTAMS 0x0000000780800000 NTAMS 0x0000000780800000 space 1024K, 100% used [0x0000000780800000, 0x0000000780900000)
AC   0  O    TS     0 PTAMS 0x0000000780a00000 NTAMS 0x0000000780a00000 space 1024K, 100% used [0x0000000780900000, 0x0000000780a00000)
AC   0  O    TS    57 PTAMS 0x0000000780a00000 NTAMS 0x0000000780a00000 space 1024K, 100% used [0x0000000780a00000, 0x0000000780b00000)
AC   0  O    TS    57 PTAMS 0x0000000780b00000 NTAMS 0x0000000780b00000 space 1024K, 100% used [0x0000000780b00000, 0x0000000780c00000)
AC   0  O    TS     0 PTAMS 0x0000000780d00000 NTAMS 0x0000000780d00000 space 1024K, 100% used [0x0000000780c00000, 0x0000000780d00000)
AC   0  O    TS     0 PTAMS 0x0000000780e00000 NTAMS 0x0000000780e00000 space 1024K, 100% used [0x0000000780d00000, 0x0000000780e00000)
AC   0  O    TS     0 PTAMS 0x0000000780f00000 NTAMS 0x0000000780f00000 space 1024K, 100% used [0x0000000780e00000, 0x0000000780f00000)
AC   0  O    TS     0 PTAMS 0x0000000781000000 NTAMS 0x0000000781000000 space 1024K, 100% used [0x0000000780f00000, 0x0000000781000000)
AC   0  O    TS     0 PTAMS 0x0000000781100000 NTAMS 0x0000000781100000 space 1024K, 100% used [0x0000000781000000, 0x0000000781100000)
AC   0  O    TS     0 PTAMS 0x0000000781200000 NTAMS 0x0000000781200000 space 1024K, 100% used [0x0000000781100000, 0x0000000781200000)
AC   0  O    TS     0 PTAMS 0x0000000781300000 NTAMS 0x0000000781300000 space 1024K, 100% used [0x0000000781200000, 0x0000000781300000)
AC   0  O    TS     5 PTAMS 0x0000000781300000 NTAMS 0x0000000781300000 space 1024K, 100% used [0x0000000781300000, 0x0000000781400000)
AC   0  O    TS     0 PTAMS 0x0000000781500000 NTAMS 0x0000000781500000 space 1024K, 100% used [0x0000000781400000, 0x0000000781500000)
AC   0  O    TS     0 PTAMS 0x0000000781600000 NTAMS 0x0000000781600000 space 1024K, 100% used [0x0000000781500000, 0x0000000781600000)
AC   0  O    TS     0 PTAMS 0x0000000781700000 NTAMS 0x0000000781700000 space 1024K, 100% used [0x0000000781600000, 0x0000000781700000)
AC   0  O    TS     0 PTAMS 0x0000000781800000 NTAMS 0x0000000781800000 space 1024K, 100% used [0x0000000781700000, 0x0000000781800000)
AC   0  O    TS     0 PTAMS 0x0000000781900000 NTAMS 0x0000000781900000 space 1024K, 100% used [0x0000000781800000, 0x0000000781900000)
AC   0  O    TS     0 PTAMS 0x0000000781a00000 NTAMS 0x0000000781a00000 space 1024K, 100% used [0x0000000781900000, 0x0000000781a00000)
AC   0  O    TS     0 PTAMS 0x0000000781b00000 NTAMS 0x0000000781b00000 space 1024K, 100% used [0x0000000781a00000, 0x0000000781b00000)
AC   0  O    TS     5 PTAMS 0x0000000781b00000 NTAMS 0x0000000781b00000 space 1024K, 100% used [0x0000000781b00000, 0x0000000781c00000)
AC   0  O    TS     0 PTAMS 0x0000000781d00000 NTAMS 0x0000000781d00000 space 1024K, 100% used [0x0000000781c00000, 0x0000000781d00000)
AC   0  O    TS     0 PTAMS 0x0000000781e00000 NTAMS 0x0000000781e00000 space 1024K, 100% used [0x0000000781d00000, 0x0000000781e00000)
AC   0  O    TS     0 PTAMS 0x0000000781f00000 NTAMS 0x0000000781f00000 space 1024K, 100% used [0x0000000781e00000, 0x0000000781f00000)
AC   0  O    TS     0 PTAMS 0x0000000782000000 NTAMS 0x0000000782000000 space 1024K, 100% used [0x0000000781f00000, 0x0000000782000000)
AC   0  O    TS     0 PTAMS 0x0000000782100000 NTAMS 0x0000000782100000 space 1024K, 100% used [0x0000000782000000, 0x0000000782100000)
AC   0  O    TS     0 PTAMS 0x0000000782200000 NTAMS 0x0000000782200000 space 1024K, 100% used [0x0000000782100000, 0x0000000782200000)
AC   0  O    TS     0 PTAMS 0x0000000782300000 NTAMS 0x0000000782300000 space 1024K, 100% used [0x0000000782200000, 0x0000000782300000)
AC   0  O    TS     0 PTAMS 0x0000000782400000 NTAMS 0x0000000782400000 space 1024K, 100% used [0x0000000782300000, 0x0000000782400000)
AC   0  O    TS    67 PTAMS 0x0000000782400000 NTAMS 0x0000000782400000 space 1024K, 100% used [0x0000000782400000, 0x0000000782500000)
AC   0  O    TS     0 PTAMS 0x0000000782600000 NTAMS 0x0000000782600000 space 1024K, 100% used [0x0000000782500000, 0x0000000782600000)
AC   0  O    TS     0 PTAMS 0x0000000782700000 NTAMS 0x0000000782700000 space 1024K, 100% used [0x0000000782600000, 0x0000000782700000)
AC   0  O    TS     0 PTAMS 0x0000000782800000 NTAMS 0x0000000782800000 space 1024K, 100% used [0x0000000782700000, 0x0000000782800000)
AC   0  O    TS     0 PTAMS 0x0000000782900000 NTAMS 0x0000000782900000 space 1024K, 100% used [0x0000000782800000, 0x0000000782900000)
AC   0  O    TS     5 PTAMS 0x0000000782900000 NTAMS 0x0000000782900000 space 1024K, 100% used [0x0000000782900000, 0x0000000782a00000)
AC   0  O    TS     0 PTAMS 0x0000000782b00000 NTAMS 0x0000000782b00000 space 1024K, 100% used [0x0000000782a00000, 0x0000000782b00000)
AC   0  O    TS    79 PTAMS 0x0000000782b00000 NTAMS 0x0000000782b00000 space 1024K, 100% used [0x0000000782b00000, 0x0000000782c00000)
AC   0  O    TS     0 PTAMS 0x0000000782d00000 NTAMS 0x0000000782d00000 space 1024K, 100% used [0x0000000782c00000, 0x0000000782d00000)
AC   0  O    TS     0 PTAMS 0x0000000782e00000 NTAMS 0x0000000782e00000 space 1024K, 100% used [0x0000000782d00000, 0x0000000782e00000)
AC   0  O    TS    89 PTAMS 0x0000000782e00000 NTAMS 0x0000000782e00000 space 1024K, 100% used [0x0000000782e00000, 0x0000000782f00000)
AC   0  O    TS     0 PTAMS 0x0000000783000000 NTAMS 0x0000000783000000 space 1024K, 100% used [0x0000000782f00000, 0x0000000783000000)
AC   0  O    TS     0 PTAMS 0x0000000783100000 NTAMS 0x0000000783100000 space 1024K, 100% used [0x0000000783000000, 0x0000000783100000)
AC   0  O    TS     0 PTAMS 0x0000000783200000 NTAMS 0x0000000783200000 space 1024K, 100% used [0x0000000783100000, 0x0000000783200000)
AC   0  O    TS     0 PTAMS 0x0000000783300000 NTAMS 0x0000000783300000 space 1024K, 100% used [0x0000000783200000, 0x0000000783300000)
AC   0  O    TS   103 PTAMS 0x0000000783300000 NTAMS 0x0000000783300000 space 1024K, 100% used [0x0000000783300000, 0x0000000783400000)
AC   0  O    TS   107 PTAMS 0x0000000783400000 NTAMS 0x0000000783400000 space 1024K, 100% used [0x0000000783400000, 0x0000000783500000)
AC   0  O    TS     5 PTAMS 0x0000000783500000 NTAMS 0x0000000783500000 space 1024K, 100% used [0x0000000783500000, 0x0000000783600000)
AC   0  O    TS     5 PTAMS 0x0000000783600000 NTAMS 0x0000000783600000 space 1024K, 100% used [0x0000000783600000, 0x0000000783700000)
AC   0  O    TS     5 PTAMS 0x0000000783700000 NTAMS 0x0000000783700000 space 1024K, 100% used [0x0000000783700000, 0x0000000783800000)
AC   0  O    TS     5 PTAMS 0x0000000783800000 NTAMS 0x0000000783800000 space 1024K, 100% used [0x0000000783800000, 0x0000000783900000)
AC   0  O    TS     5 PTAMS 0x0000000783900000 NTAMS 0x0000000783900000 space 1024K, 100% used [0x0000000783900000, 0x0000000783a00000)
AC   0  O    TS     5 PTAMS 0x0000000783a00000 NTAMS 0x0000000783a00000 space 1024K, 100% used [0x0000000783a00000, 0x0000000783b00000)
AC   0  O    TS   143 PTAMS 0x0000000783b00000 NTAMS 0x0000000783b00000 space 1024K, 100% used [0x0000000783b00000, 0x0000000783c00000)
AC   0  O    TS     0 PTAMS 0x0000000783d00000 NTAMS 0x0000000783d00000 space 1024K, 100% used [0x0000000783c00000, 0x0000000783d00000)
AC   0  O    TS     0 PTAMS 0x0000000783e00000 NTAMS 0x0000000783e00000 space 1024K, 100% used [0x0000000783d00000, 0x0000000783e00000)
AC   0  O    TS     0 PTAMS 0x0000000783f00000 NTAMS 0x0000000783f00000 space 1024K, 100% used [0x0000000783e00000, 0x0000000783f00000)
AC   0  O    TS     0 PTAMS 0x0000000784000000 NTAMS 0x0000000784000000 space 1024K, 100% used [0x0000000783f00000, 0x0000000784000000)
AC   0  O    TS     0 PTAMS 0x0000000784100000 NTAMS 0x0000000784100000 space 1024K, 100% used [0x0000000784000000, 0x0000000784100000)
AC   0  O    TS     5 PTAMS 0x0000000784100000 NTAMS 0x0000000784100000 space 1024K, 100% used [0x0000000784100000, 0x0000000784200000)
AC   0  O    TS     0 PTAMS 0x0000000784300000 NTAMS 0x0000000784300000 space 1024K, 100% used [0x0000000784200000, 0x0000000784300000)
AC   0  O    TS     0 PTAMS 0x0000000784400000 NTAMS 0x0000000784400000 space 1024K, 100% used [0x0000000784300000, 0x0000000784400000)
AC   0  O    TS     0 PTAMS 0x0000000784500000 NTAMS 0x0000000784500000 space 1024K, 100% used [0x0000000784400000, 0x0000000784500000)
AC   0  O    TS     0 PTAMS 0x0000000784600000 NTAMS 0x0000000784600000 space 1024K, 100% used [0x0000000784500000, 0x0000000784600000)
AC   0  O    TS     0 PTAMS 0x0000000784700000 NTAMS 0x0000000784700000 space 1024K, 100% used [0x0000000784600000, 0x0000000784700000)
AC   0  O    TS     0 PTAMS 0x0000000784800000 NTAMS 0x0000000784800000 space 1024K, 100% used [0x0000000784700000, 0x0000000784800000)
AC   0  O    TS     0 PTAMS 0x0000000784900000 NTAMS 0x0000000784900000 space 1024K, 100% used [0x0000000784800000, 0x0000000784900000)
AC   0  O    TS   147 PTAMS 0x0000000784900000 NTAMS 0x0000000784900000 space 1024K, 100% used [0x0000000784900000, 0x0000000784a00000)
AC   0  O    TS     0 PTAMS 0x0000000784b00000 NTAMS 0x0000000784b00000 space 1024K, 100% used [0x0000000784a00000, 0x0000000784b00000)
AC   0  O    TS     0 PTAMS 0x0000000784c00000 NTAMS 0x0000000784c00000 space 1024K, 100% used [0x0000000784b00000, 0x0000000784c00000)
AC   0  O    TS     5 PTAMS 0x0000000784c00000 NTAMS 0x0000000784c00000 space 1024K, 100% used [0x0000000784c00000, 0x0000000784d00000)
AC   0  O    TS    33 PTAMS 0x0000000784d00000 NTAMS 0x0000000784d00000 space 1024K, 100% used [0x0000000784d00000, 0x0000000784e00000)
AC   0  O    TS     0 PTAMS 0x0000000784f00000 NTAMS 0x0000000784f00000 space 1024K, 100% used [0x0000000784e00000, 0x0000000784f00000)
AC   0  O    TS     0 PTAMS 0x0000000785000000 NTAMS 0x0000000785000000 space 1024K, 100% used [0x0000000784f00000, 0x0000000785000000)
AC   0  O    TS   175 PTAMS 0x0000000785000000 NTAMS 0x0000000785000000 space 1024K, 100% used [0x0000000785000000, 0x0000000785100000)
AC   0  O    TS     0 PTAMS 0x0000000785200000 NTAMS 0x0000000785200000 space 1024K, 100% used [0x0000000785100000, 0x0000000785200000)
AC   0  O    TS     0 PTAMS 0x0000000785300000 NTAMS 0x0000000785300000 space 1024K, 100% used [0x0000000785200000, 0x0000000785300000)
AC   0  O    TS     0 PTAMS 0x0000000785400000 NTAMS 0x0000000785400000 space 1024K, 100% used [0x0000000785300000, 0x0000000785400000)
AC   0  O    TS   181 PTAMS 0x0000000785400000 NTAMS 0x0000000785400000 space 1024K, 100% used [0x0000000785400000, 0x0000000785500000)
AC   0  O    TS     0 PTAMS 0x0000000785600000 NTAMS 0x0000000785600000 space 1024K, 100% used [0x0000000785500000, 0x0000000785600000)
AC   0  O    TS     0 PTAMS 0x0000000785700000 NTAMS 0x0000000785700000 space 1024K, 100% used [0x0000000785600000, 0x0000000785700000)
AC   0  O    TS   211 PTAMS 0x0000000785700000 NTAMS 0x0000000785700000 space 1024K, 100% used [0x0000000785700000, 0x0000000785800000)
AC   0  O    TS     0 PTAMS 0x0000000785900000 NTAMS 0x0000000785900000 space 1024K, 100% used [0x0000000785800000, 0x0000000785900000)
AC   0  O    TS     0 PTAMS 0x0000000785a00000 NTAMS 0x0000000785a00000 space 1024K, 100% used [0x0000000785900000, 0x0000000785a00000)
AC   0  O    TS     0 PTAMS 0x0000000785b00000 NTAMS 0x0000000785b00000 space 1024K, 100% used [0x0000000785a00000, 0x0000000785b00000)
AC   0  O    TS   243 PTAMS 0x0000000785b00000 NTAMS 0x0000000785b00000 space 1024K,  34% used [0x0000000785b00000, 0x0000000785c00000)
AC   0  O    TS     0 PTAMS 0x0000000785d00000 NTAMS 0x0000000785d00000 space 1024K, 100% used [0x0000000785c00000, 0x0000000785d00000)
AC   0  O    TS     0 PTAMS 0x0000000785e00000 NTAMS 0x0000000785e00000 space 1024K, 100% used [0x0000000785d00000, 0x0000000785e00000)
AC   0  O    TS     0 PTAMS 0x0000000785f00000 NTAMS 0x0000000785f00000 space 1024K, 100% used [0x0000000785e00000, 0x0000000785f00000)
AC   0  F    TS     0 PTAMS 0x0000000785f00000 NTAMS 0x0000000785f00000 space 1024K,   0% used [0x0000000785f00000, 0x0000000786000000)
AC   0  F    TS     0 PTAMS 0x0000000786000000 NTAMS 0x0000000786000000 space 1024K,   0% used [0x0000000786000000, 0x0000000786100000)
AC   0  F    TS     0 PTAMS 0x0000000786100000 NTAMS 0x0000000786100000 space 1024K,   0% used [0x0000000786100000, 0x0000000786200000)
AC   0  F    TS     0 PTAMS 0x0000000786200000 NTAMS 0x0000000786200000 space 1024K,   0% used [0x0000000786200000, 0x0000000786300000)
AC   0  F    TS     0 PTAMS 0x0000000786300000 NTAMS 0x0000000786300000 space 1024K,   0% used [0x0000000786300000, 0x0000000786400000)
AC   0  F    TS     0 PTAMS 0x0000000786400000 NTAMS 0x0000000786400000 space 1024K,   0% used [0x0000000786400000, 0x0000000786500000)
AC   0  F    TS     0 PTAMS 0x0000000786500000 NTAMS 0x0000000786500000 space 1024K,   0% used [0x0000000786500000, 0x0000000786600000)
AC   0  F    TS     0 PTAMS 0x0000000786600000 NTAMS 0x0000000786600000 space 1024K,   0% used [0x0000000786600000, 0x0000000786700000)
AC   0  F    TS     0 PTAMS 0x0000000786700000 NTAMS 0x0000000786700000 space 1024K,   0% used [0x0000000786700000, 0x0000000786800000)
AC   0  F    TS    25 PTAMS 0x0000000786800000 NTAMS 0x0000000786800000 space 1024K,   0% used [0x0000000786800000, 0x0000000786900000)
AC   0  O    TS     3 PTAMS 0x000000078695c800 NTAMS 0x000000078695c800 space 1024K, 100% used [0x0000000786900000, 0x0000000786a00000)
AC   0  O    TS     0 PTAMS 0x0000000786b00000 NTAMS 0x0000000786b00000 space 1024K, 100% used [0x0000000786a00000, 0x0000000786b00000)
AC   0  O    TS     3 PTAMS 0x0000000786b00000 NTAMS 0x0000000786b00000 space 1024K, 100% used [0x0000000786b00000, 0x0000000786c00000)
AC   0  F    TS    25 PTAMS 0x0000000786c00000 NTAMS 0x0000000786c00000 space 1024K,   0% used [0x0000000786c00000, 0x0000000786d00000)
AC   0  O    TS     3 PTAMS 0x0000000786d00000 NTAMS 0x0000000786d00000 space 1024K, 100% used [0x0000000786d00000, 0x0000000786e00000)
AC   0  O    TS     0 PTAMS 0x0000000786f00000 NTAMS 0x0000000786f00000 space 1024K, 100% used [0x0000000786e00000, 0x0000000786f00000)
AC   0  O    TS     0 PTAMS 0x0000000787000000 NTAMS 0x0000000787000000 space 1024K, 100% used [0x0000000786f00000, 0x0000000787000000)
AC   0  F    TS    29 PTAMS 0x0000000787000000 NTAMS 0x0000000787000000 space 1024K,   0% used [0x0000000787000000, 0x0000000787100000)
AC   0  F    TS    41 PTAMS 0x0000000787100000 NTAMS 0x0000000787100000 space 1024K,   0% used [0x0000000787100000, 0x0000000787200000)
AC   0  F    TS    53 PTAMS 0x0000000787200000 NTAMS 0x0000000787200000 space 1024K,   0% used [0x0000000787200000, 0x0000000787300000)
AC   0  F    TS    57 PTAMS 0x0000000787300000 NTAMS 0x0000000787300000 space 1024K,   0% used [0x0000000787300000, 0x0000000787400000)
AC   0  O    TS     3 PTAMS 0x0000000787400000 NTAMS 0x0000000787400000 space 1024K, 100% used [0x0000000787400000, 0x0000000787500000)
AC   0  O    TS     3 PTAMS 0x0000000787500000 NTAMS 0x0000000787500000 space 1024K, 100% used [0x0000000787500000, 0x0000000787600000)
AC   0  O    TS     3 PTAMS 0x0000000787600000 NTAMS 0x0000000787600000 space 1024K, 100% used [0x0000000787600000, 0x0000000787700000)
AC   0  O    TS     0 PTAMS 0x0000000787800000 NTAMS 0x0000000787800000 space 1024K, 100% used [0x0000000787700000, 0x0000000787800000)
AC   0  O    TS     3 PTAMS 0x0000000787800000 NTAMS 0x0000000787800000 space 1024K, 100% used [0x0000000787800000, 0x0000000787900000)
AC   0  O    TS     3 PTAMS 0x0000000787900000 NTAMS 0x0000000787900000 space 1024K, 100% used [0x0000000787900000, 0x0000000787a00000)
AC   0  O    TS     3 PTAMS 0x0000000787a00000 NTAMS 0x0000000787a00000 space 1024K, 100% used [0x0000000787a00000, 0x0000000787b00000)
AC   0  O    TS     3 PTAMS 0x0000000787b00000 NTAMS 0x0000000787b00000 space 1024K, 100% used [0x0000000787b00000, 0x0000000787c00000)
AC   0  O    TS     0 PTAMS 0x0000000787d00000 NTAMS 0x0000000787d00000 space 1024K, 100% used [0x0000000787c00000, 0x0000000787d00000)
AC   0  O    TS     3 PTAMS 0x0000000787d00000 NTAMS 0x0000000787d00000 space 1024K, 100% used [0x0000000787d00000, 0x0000000787e00000)
AC   0  O    TS     3 PTAMS 0x0000000787e00000 NTAMS 0x0000000787e00000 space 1024K, 100% used [0x0000000787e00000, 0x0000000787f00000)
AC   0  O    TS     3 PTAMS 0x0000000787f00000 NTAMS 0x0000000787f00000 space 1024K, 100% used [0x0000000787f00000, 0x0000000788000000)
AC   0  O    TS     3 PTAMS 0x0000000788000000 NTAMS 0x0000000788000000 space 1024K, 100% used [0x0000000788000000, 0x0000000788100000)
AC   0  O    TS     5 PTAMS 0x0000000788100000 NTAMS 0x0000000788100000 space 1024K, 100% used [0x0000000788100000, 0x0000000788200000)
AC   0  F    TS    75 PTAMS 0x0000000788200000 NTAMS 0x0000000788200000 space 1024K,   0% used [0x0000000788200000, 0x0000000788300000)
AC   0  F    TS    79 PTAMS 0x0000000788300000 NTAMS 0x0000000788300000 space 1024K,   0% used [0x0000000788300000, 0x0000000788400000)
AC   0  F    TS    79 PTAMS 0x0000000788400000 NTAMS 0x0000000788400000 space 1024K,   0% used [0x0000000788400000, 0x0000000788500000)
AC   0  F    TS   111 PTAMS 0x0000000788500000 NTAMS 0x0000000788500000 space 1024K,   0% used [0x0000000788500000, 0x0000000788600000)
AC   0  F    TS   121 PTAMS 0x0000000788600000 NTAMS 0x0000000788600000 space 1024K,   0% used [0x0000000788600000, 0x0000000788700000)
AC   0  F    TS   133 PTAMS 0x0000000788700000 NTAMS 0x0000000788700000 space 1024K,   0% used [0x0000000788700000, 0x0000000788800000)
AC   0  F    TS   175 PTAMS 0x0000000788800000 NTAMS 0x0000000788800000 space 1024K,   0% used [0x0000000788800000, 0x0000000788900000)
AC   0  F    TS   175 PTAMS 0x0000000788900000 NTAMS 0x0000000788900000 space 1024K,   0% used [0x0000000788900000, 0x0000000788a00000)
AC   0  F    TS   173 PTAMS 0x0000000788a00000 NTAMS 0x0000000788a00000 space 1024K,   0% used [0x0000000788a00000, 0x0000000788b00000)
AC   0  F    TS   241 PTAMS 0x0000000788b00000 NTAMS 0x0000000788b00000 space 1024K,   0% used [0x0000000788b00000, 0x0000000788c00000)
AC   0  F    TS   241 PTAMS 0x0000000788c00000 NTAMS 0x0000000788c00000 space 1024K,   0% used [0x0000000788c00000, 0x0000000788d00000)
AC   0  F    TS   241 PTAMS 0x0000000788d00000 NTAMS 0x0000000788d00000 space 1024K,   0% used [0x0000000788d00000, 0x0000000788e00000)
AC   0  F    TS   241 PTAMS 0x0000000788e00000 NTAMS 0x0000000788e00000 space 1024K,   0% used [0x0000000788e00000, 0x0000000788f00000)
AC   0  F    TS   239 PTAMS 0x0000000788f00000 NTAMS 0x0000000788f00000 space 1024K,   0% used [0x0000000788f00000, 0x0000000789000000)
AC   0  F    TS   239 PTAMS 0x0000000789000000 NTAMS 0x0000000789000000 space 1024K,   0% used [0x0000000789000000, 0x0000000789100000)
AC   0  F    TS   241 PTAMS 0x0000000789100000 NTAMS 0x0000000789100000 space 1024K,   0% used [0x0000000789100000, 0x0000000789200000)
AC   0  F    TS   241 PTAMS 0x0000000789200000 NTAMS 0x0000000789200000 space 1024K,   0% used [0x0000000789200000, 0x0000000789300000)
AC   0  F    TS   239 PTAMS 0x0000000789300000 NTAMS 0x0000000789300000 space 1024K,   0% used [0x0000000789300000, 0x0000000789400000)
AC   0  S CS TS   243 PTAMS 0x0000000789400000 NTAMS 0x0000000789400000 space 1024K,  99% used [0x0000000789400000, 0x0000000789500000)
AC   0  S CS TS   243 PTAMS 0x0000000789500000 NTAMS 0x0000000789500000 space 1024K, 100% used [0x0000000789500000, 0x0000000789600000)
AC   0  S CS TS   243 PTAMS 0x0000000789600000 NTAMS 0x0000000789600000 space 1024K, 100% used [0x0000000789600000, 0x0000000789700000)
AC   0  S CS TS   243 PTAMS 0x0000000789700000 NTAMS 0x0000000789700000 space 1024K, 100% used [0x0000000789700000, 0x0000000789800000)
AC   0  S CS TS   243 PTAMS 0x0000000789800000 NTAMS 0x0000000789800000 space 1024K, 100% used [0x0000000789800000, 0x0000000789900000)
AC   0  F    TS   189 PTAMS 0x0000000789900000 NTAMS 0x0000000789900000 space 1024K,   0% used [0x0000000789900000, 0x0000000789a00000)
AC   0  F    TS     0 PTAMS 0x0000000789a00000 NTAMS 0x0000000789a00000 space 1024K,   0% used [0x0000000789a00000, 0x0000000789b00000)
AC   0  F    TS     0 PTAMS 0x0000000789b00000 NTAMS 0x0000000789b00000 space 1024K,   0% used [0x0000000789b00000, 0x0000000789c00000)
AC   0  F    TS     0 PTAMS 0x0000000789c00000 NTAMS 0x0000000789c00000 space 1024K,   0% used [0x0000000789c00000, 0x0000000789d00000)
AC   0  F    TS     0 PTAMS 0x0000000789d00000 NTAMS 0x0000000789d00000 space 1024K,   0% used [0x0000000789d00000, 0x0000000789e00000)
AC   0  F    TS     0 PTAMS 0x0000000789e00000 NTAMS 0x0000000789e00000 space 1024K,   0% used [0x0000000789e00000, 0x0000000789f00000)
AC   0  F    TS     0 PTAMS 0x0000000789f00000 NTAMS 0x0000000789f00000 space 1024K,   0% used [0x0000000789f00000, 0x000000078a000000)
AC   0  F    TS     0 PTAMS 0x000000078a000000 NTAMS 0x000000078a000000 space 1024K,   0% used [0x000000078a000000, 0x000000078a100000)
AC   0  F    TS     0 PTAMS 0x000000078a100000 NTAMS 0x000000078a100000 space 1024K,   0% used [0x000000078a100000, 0x000000078a200000)
AC   0  F    TS     0 PTAMS 0x000000078a200000 NTAMS 0x000000078a200000 space 1024K,   0% used [0x000000078a200000, 0x000000078a300000)
AC   0  F    TS     0 PTAMS 0x000000078a300000 NTAMS 0x000000078a300000 space 1024K,   0% used [0x000000078a300000, 0x000000078a400000)
AC   0  F    TS     0 PTAMS 0x000000078a400000 NTAMS 0x000000078a400000 space 1024K,   0% used [0x000000078a400000, 0x000000078a500000)
AC   0  F    TS     0 PTAMS 0x000000078a500000 NTAMS 0x000000078a500000 space 1024K,   0% used [0x000000078a500000, 0x000000078a600000)
AC   0  F    TS     0 PTAMS 0x000000078a600000 NTAMS 0x000000078a600000 space 1024K,   0% used [0x000000078a600000, 0x000000078a700000)
AC   0  F    TS     0 PTAMS 0x000000078a700000 NTAMS 0x000000078a700000 space 1024K,   0% used [0x000000078a700000, 0x000000078a800000)
AC   0  F    TS     0 PTAMS 0x000000078a800000 NTAMS 0x000000078a800000 space 1024K,   0% used [0x000000078a800000, 0x000000078a900000)
AC   0  F    TS     0 PTAMS 0x000000078a900000 NTAMS 0x000000078a900000 space 1024K,   0% used [0x000000078a900000, 0x000000078aa00000)
AC   0  F    TS     0 PTAMS 0x000000078aa00000 NTAMS 0x000000078aa00000 space 1024K,   0% used [0x000000078aa00000, 0x000000078ab00000)
AC   0  F    TS     0 PTAMS 0x000000078ab00000 NTAMS 0x000000078ab00000 space 1024K,   0% used [0x000000078ab00000, 0x000000078ac00000)
AC   0  F    TS     0 PTAMS 0x000000078ac00000 NTAMS 0x000000078ac00000 space 1024K,   0% used [0x000000078ac00000, 0x000000078ad00000)
AC   0  F    TS     0 PTAMS 0x000000078ad00000 NTAMS 0x000000078ad00000 space 1024K,   0% used [0x000000078ad00000, 0x000000078ae00000)
AC   0  F    TS     0 PTAMS 0x000000078ae00000 NTAMS 0x000000078ae00000 space 1024K,   0% used [0x000000078ae00000, 0x000000078af00000)
AC   0  F    TS     0 PTAMS 0x000000078af00000 NTAMS 0x000000078af00000 space 1024K,   0% used [0x000000078af00000, 0x000000078b000000)
AC   0  F    TS     0 PTAMS 0x000000078b000000 NTAMS 0x000000078b000000 space 1024K,   0% used [0x000000078b000000, 0x000000078b100000)
AC   0  F    TS     0 PTAMS 0x000000078b100000 NTAMS 0x000000078b100000 space 1024K,   0% used [0x000000078b100000, 0x000000078b200000)
AC   0  F    TS     0 PTAMS 0x000000078b200000 NTAMS 0x000000078b200000 space 1024K,   0% used [0x000000078b200000, 0x000000078b300000)
AC   0  F    TS     0 PTAMS 0x000000078b300000 NTAMS 0x000000078b300000 space 1024K,   0% used [0x000000078b300000, 0x000000078b400000)
AC   0  F    TS     0 PTAMS 0x000000078b400000 NTAMS 0x000000078b400000 space 1024K,   0% used [0x000000078b400000, 0x000000078b500000)
AC   0  F    TS     0 PTAMS 0x000000078b500000 NTAMS 0x000000078b500000 space 1024K,   0% used [0x000000078b500000, 0x000000078b600000)
AC   0  F    TS     0 PTAMS 0x000000078b600000 NTAMS 0x000000078b600000 space 1024K,   0% used [0x000000078b600000, 0x000000078b700000)
AC   0  F    TS     0 PTAMS 0x000000078b700000 NTAMS 0x000000078b700000 space 1024K,   0% used [0x000000078b700000, 0x000000078b800000)
AC   0  F    TS     0 PTAMS 0x000000078b800000 NTAMS 0x000000078b800000 space 1024K,   0% used [0x000000078b800000, 0x000000078b900000)
AC   0  F    TS     0 PTAMS 0x000000078b900000 NTAMS 0x000000078b900000 space 1024K,   0% used [0x000000078b900000, 0x000000078ba00000)
AC   0  F    TS     0 PTAMS 0x000000078ba00000 NTAMS 0x000000078ba00000 space 1024K,   0% used [0x000000078ba00000, 0x000000078bb00000)
AC   0  F    TS     0 PTAMS 0x000000078bb00000 NTAMS 0x000000078bb00000 space 1024K,   0% used [0x000000078bb00000, 0x000000078bc00000)
AC   0  F    TS     0 PTAMS 0x000000078bc00000 NTAMS 0x000000078bc00000 space 1024K,   0% used [0x000000078bc00000, 0x000000078bd00000)
AC   0  F    TS     0 PTAMS 0x000000078bd00000 NTAMS 0x000000078bd00000 space 1024K,   0% used [0x000000078bd00000, 0x000000078be00000)
AC   0  F    TS     0 PTAMS 0x000000078be00000 NTAMS 0x000000078be00000 space 1024K,   0% used [0x000000078be00000, 0x000000078bf00000)
AC   0  F    TS     0 PTAMS 0x000000078bf00000 NTAMS 0x000000078bf00000 space 1024K,   0% used [0x000000078bf00000, 0x000000078c000000)
AC   0  F    TS     0 PTAMS 0x000000078c000000 NTAMS 0x000000078c000000 space 1024K,   0% used [0x000000078c000000, 0x000000078c100000)
AC   0  F    TS     0 PTAMS 0x000000078c100000 NTAMS 0x000000078c100000 space 1024K,   0% used [0x000000078c100000, 0x000000078c200000)
AC   0  F    TS     0 PTAMS 0x000000078c200000 NTAMS 0x000000078c200000 space 1024K,   0% used [0x000000078c200000, 0x000000078c300000)
AC   0  F    TS     0 PTAMS 0x000000078c300000 NTAMS 0x000000078c300000 space 1024K,   0% used [0x000000078c300000, 0x000000078c400000)
AC   0  F    TS     0 PTAMS 0x000000078c400000 NTAMS 0x000000078c400000 space 1024K,   0% used [0x000000078c400000, 0x000000078c500000)
AC   0  F    TS     0 PTAMS 0x000000078c500000 NTAMS 0x000000078c500000 space 1024K,   0% used [0x000000078c500000, 0x000000078c600000)
AC   0  F    TS     0 PTAMS 0x000000078c600000 NTAMS 0x000000078c600000 space 1024K,   0% used [0x000000078c600000, 0x000000078c700000)
AC   0  F    TS     0 PTAMS 0x000000078c700000 NTAMS 0x000000078c700000 space 1024K,   0% used [0x000000078c700000, 0x000000078c800000)
AC   0  F    TS     0 PTAMS 0x000000078c800000 NTAMS 0x000000078c800000 space 1024K,   0% used [0x000000078c800000, 0x000000078c900000)
AC   0  F    TS   141 PTAMS 0x000000078c900000 NTAMS 0x000000078c900000 space 1024K,   0% used [0x000000078c900000, 0x000000078ca00000)
AC   0  F    TS   141 PTAMS 0x000000078ca00000 NTAMS 0x000000078ca00000 space 1024K,   0% used [0x000000078ca00000, 0x000000078cb00000)
AC   0  F    TS   141 PTAMS 0x000000078cb00000 NTAMS 0x000000078cb00000 space 1024K,   0% used [0x000000078cb00000, 0x000000078cc00000)
AC   0  F    TS   141 PTAMS 0x000000078cc00000 NTAMS 0x000000078cc00000 space 1024K,   0% used [0x000000078cc00000, 0x000000078cd00000)
AC   0  F    TS   141 PTAMS 0x000000078cd00000 NTAMS 0x000000078cd00000 space 1024K,   0% used [0x000000078cd00000, 0x000000078ce00000)
AC   0  F    TS     0 PTAMS 0x000000078ce00000 NTAMS 0x000000078ce00000 space 1024K,   0% used [0x000000078ce00000, 0x000000078cf00000)
AC   0  F    TS     0 PTAMS 0x000000078cf00000 NTAMS 0x000000078cf00000 space 1024K,   0% used [0x000000078cf00000, 0x000000078d000000)
AC   0  F    TS     0 PTAMS 0x000000078d000000 NTAMS 0x000000078d000000 space 1024K,   0% used [0x000000078d000000, 0x000000078d100000)
AC   0  F    TS     0 PTAMS 0x000000078d100000 NTAMS 0x000000078d100000 space 1024K,   0% used [0x000000078d100000, 0x000000078d200000)
AC   0  F    TS     0 PTAMS 0x000000078d200000 NTAMS 0x000000078d200000 space 1024K,   0% used [0x000000078d200000, 0x000000078d300000)
AC   0  F    TS     0 PTAMS 0x000000078d300000 NTAMS 0x000000078d300000 space 1024K,   0% used [0x000000078d300000, 0x000000078d400000)
AC   0  F    TS     0 PTAMS 0x000000078d400000 NTAMS 0x000000078d400000 space 1024K,   0% used [0x000000078d400000, 0x000000078d500000)
AC   0  F    TS     0 PTAMS 0x000000078d500000 NTAMS 0x000000078d500000 space 1024K,   0% used [0x000000078d500000, 0x000000078d600000)
AC   0  F    TS     0 PTAMS 0x000000078d600000 NTAMS 0x000000078d600000 space 1024K,   0% used [0x000000078d600000, 0x000000078d700000)
AC   0  F    TS     0 PTAMS 0x000000078d700000 NTAMS 0x000000078d700000 space 1024K,   0% used [0x000000078d700000, 0x000000078d800000)
AC   0  F    TS     0 PTAMS 0x000000078d800000 NTAMS 0x000000078d800000 space 1024K,   0% used [0x000000078d800000, 0x000000078d900000)
AC   0  F    TS     0 PTAMS 0x000000078d900000 NTAMS 0x000000078d900000 space 1024K,   0% used [0x000000078d900000, 0x000000078da00000)
AC   0  F    TS     0 PTAMS 0x000000078da00000 NTAMS 0x000000078da00000 space 1024K,   0% used [0x000000078da00000, 0x000000078db00000)
AC   0  F    TS     0 PTAMS 0x000000078db00000 NTAMS 0x000000078db00000 space 1024K,   0% used [0x000000078db00000, 0x000000078dc00000)
AC   0  F    TS     0 PTAMS 0x000000078dc00000 NTAMS 0x000000078dc00000 space 1024K,   0% used [0x000000078dc00000, 0x000000078dd00000)
AC   0  F    TS     0 PTAMS 0x000000078dd00000 NTAMS 0x000000078dd00000 space 1024K,   0% used [0x000000078dd00000, 0x000000078de00000)
AC   0  F    TS     0 PTAMS 0x000000078de00000 NTAMS 0x000000078de00000 space 1024K,   0% used [0x000000078de00000, 0x000000078df00000)
AC   0  F    TS     0 PTAMS 0x000000078df00000 NTAMS 0x000000078df00000 space 1024K,   0% used [0x000000078df00000, 0x000000078e000000)
AC   0  F    TS     0 PTAMS 0x000000078e000000 NTAMS 0x000000078e000000 space 1024K,   0% used [0x000000078e000000, 0x000000078e100000)
AC   0  F    TS     0 PTAMS 0x000000078e100000 NTAMS 0x000000078e100000 space 1024K,   0% used [0x000000078e100000, 0x000000078e200000)
AC   0  F    TS     0 PTAMS 0x000000078e200000 NTAMS 0x000000078e200000 space 1024K,   0% used [0x000000078e200000, 0x000000078e300000)
AC   0  F    TS     0 PTAMS 0x000000078e300000 NTAMS 0x000000078e300000 space 1024K,   0% used [0x000000078e300000, 0x000000078e400000)
AC   0  F    TS     0 PTAMS 0x000000078e400000 NTAMS 0x000000078e400000 space 1024K,   0% used [0x000000078e400000, 0x000000078e500000)
AC   0  F    TS     0 PTAMS 0x000000078e500000 NTAMS 0x000000078e500000 space 1024K,   0% used [0x000000078e500000, 0x000000078e600000)
AC   0  F    TS     0 PTAMS 0x000000078e600000 NTAMS 0x000000078e600000 space 1024K,   0% used [0x000000078e600000, 0x000000078e700000)
AC   0  F    TS     0 PTAMS 0x000000078e700000 NTAMS 0x000000078e700000 space 1024K,   0% used [0x000000078e700000, 0x000000078e800000)
AC   0  F    TS     0 PTAMS 0x000000078e800000 NTAMS 0x000000078e800000 space 1024K,   0% used [0x000000078e800000, 0x000000078e900000)
AC   0  F    TS     0 PTAMS 0x000000078e900000 NTAMS 0x000000078e900000 space 1024K,   0% used [0x000000078e900000, 0x000000078ea00000)
AC   0  F    TS     0 PTAMS 0x000000078ea00000 NTAMS 0x000000078ea00000 space 1024K,   0% used [0x000000078ea00000, 0x000000078eb00000)
AC   0  F    TS     0 PTAMS 0x000000078eb00000 NTAMS 0x000000078eb00000 space 1024K,   0% used [0x000000078eb00000, 0x000000078ec00000)
AC   0  F    TS     0 PTAMS 0x000000078ec00000 NTAMS 0x000000078ec00000 space 1024K,   0% used [0x000000078ec00000, 0x000000078ed00000)
AC   0  F    TS     0 PTAMS 0x000000078ed00000 NTAMS 0x000000078ed00000 space 1024K,   0% used [0x000000078ed00000, 0x000000078ee00000)
AC   0  F    TS     0 PTAMS 0x000000078ee00000 NTAMS 0x000000078ee00000 space 1024K,   0% used [0x000000078ee00000, 0x000000078ef00000)
AC   0  F    TS     0 PTAMS 0x000000078ef00000 NTAMS 0x000000078ef00000 space 1024K,   0% used [0x000000078ef00000, 0x000000078f000000)
AC   0  F    TS     0 PTAMS 0x000000078f000000 NTAMS 0x000000078f000000 space 1024K,   0% used [0x000000078f000000, 0x000000078f100000)
AC   0  F    TS     0 PTAMS 0x000000078f100000 NTAMS 0x000000078f100000 space 1024K,   0% used [0x000000078f100000, 0x000000078f200000)
AC   0  F    TS     5 PTAMS 0x000000078f200000 NTAMS 0x000000078f200000 space 1024K,   0% used [0x000000078f200000, 0x000000078f300000)
AC   0  F    TS     5 PTAMS 0x000000078f300000 NTAMS 0x000000078f300000 space 1024K,   0% used [0x000000078f300000, 0x000000078f400000)
AC   0  F    TS     0 PTAMS 0x000000078f400000 NTAMS 0x000000078f400000 space 1024K,   0% used [0x000000078f400000, 0x000000078f500000)
AC   0  F    TS     0 PTAMS 0x000000078f500000 NTAMS 0x000000078f500000 space 1024K,   0% used [0x000000078f500000, 0x000000078f600000)
AC   0  F    TS     0 PTAMS 0x000000078f600000 NTAMS 0x000000078f600000 space 1024K,   0% used [0x000000078f600000, 0x000000078f700000)
AC   0  F    TS     0 PTAMS 0x000000078f700000 NTAMS 0x000000078f700000 space 1024K,   0% used [0x000000078f700000, 0x000000078f800000)
AC   0  F    TS     3 PTAMS 0x000000078f800000 NTAMS 0x000000078f800000 space 1024K,   0% used [0x000000078f800000, 0x000000078f900000)
AC   0  F    TS     3 PTAMS 0x000000078f900000 NTAMS 0x000000078f900000 space 1024K,   0% used [0x000000078f900000, 0x000000078fa00000)
AC   0  F    TS     0 PTAMS 0x000000078fa00000 NTAMS 0x000000078fa00000 space 1024K,   0% used [0x000000078fa00000, 0x000000078fb00000)
AC   0  F    TS     0 PTAMS 0x000000078fb00000 NTAMS 0x000000078fb00000 space 1024K,   0% used [0x000000078fb00000, 0x000000078fc00000)
AC   0  F    TS     0 PTAMS 0x000000078fc00000 NTAMS 0x000000078fc00000 space 1024K,   0% used [0x000000078fc00000, 0x000000078fd00000)
AC   0  E    TS     0 PTAMS 0x000000078fd00000 NTAMS 0x000000078fd00000 space 1024K,  99% used [0x000000078fd00000, 0x000000078fe00000)
AC   0  E CS TS     0 PTAMS 0x000000078fe00000 NTAMS 0x000000078fe00000 space 1024K, 100% used [0x000000078fe00000, 0x000000078ff00000)
AC   0  E CS TS     0 PTAMS 0x000000078ff00000 NTAMS 0x000000078ff00000 space 1024K, 100% used [0x000000078ff00000, 0x0000000790000000)

Card table byte_map: [0x000000010631f000,0x000000010651f000] byte_map_base: 0x000000010271f000

Marking Bits (Prev, Next): (CMBitMap*) 0x0000000100849c88, (CMBitMap*) 0x0000000100849ce0
 Prev Bits: [0x000000010671f000, 0x000000010771f000)
 Next Bits: [0x000000010771f000, 0x000000010871f000)

Polling page: 0x000000010039b000

CodeCache: size=245760Kb used=109995Kb max_used=110483Kb free=135764Kb
 bounds [0x000000010c2fe000, 0x0000000112fee000, 0x000000011b2fe000]
 total_blobs=27727 nmethods=26861 adapters=772
 compilation: enabled

Compilation events (10 events):
Event: 163276.415 Thread 0x000000010105f800 37482       3       org.eclipse.cdt.ui.CElementContentProvider$RefreshElement::equals (26 bytes)
Event: 163276.429 Thread 0x000000010105f800 nmethod 37482 0x000000010f2728d0 code [0x000000010f272a60, 0x000000010f272ea8]
Event: 163276.470 Thread 0x000000010105f800 37483       3       org.eclipse.core.internal.resources.Workspace::computeFullProjectOrder (179 bytes)
Event: 163276.474 Thread 0x000000010105f800 nmethod 37483 0x000000010ecb5410 code [0x000000010ecb57a0, 0x000000010ecb7998]
Event: 163276.554 Thread 0x000000010105e800 37484       4       org.eclipse.cdt.internal.core.model.CElementDelta::<init> (42 bytes)
Event: 163276.558 Thread 0x000000010105f800 37485       3       org.eclipse.ui.internal.navigator.ContributorTrackingSet::remove (14 bytes)
Event: 163276.560 Thread 0x000000010105f800 nmethod 37485 0x000000010ccfe7d0 code [0x000000010ccfe980, 0x000000010ccff028]
Event: 163276.561 Thread 0x000000010105e800 nmethod 37484 0x000000010f25a810 code [0x000000010f25a960, 0x000000010f25acd8]
Event: 163276.561 Thread 0x000000010105e800 37486       4       org.eclipse.ui.internal.navigator.NavigatorContentServiceContentProvider::isOverridingExtensionInSet (47 bytes)
Event: 163275.490 Thread 0x000000010105f800 nmethod 37481 0x000000010fdd2750 code [0x000000010fdd28e0, 0x000000010fdd2cd8]

GC Heap History (10 events):
Event: 163138.804 GC heap before
{Heap before GC invocations=231 (full 0):
 garbage-first heap   total 262144K, used 230665K [0x0000000780000000, 0x0000000780100800, 0x00000007c0000000)
  region size 1024K, 111 young (113664K), 4 survivors (4096K)
 Metaspace       used 133780K, capacity 146519K, committed 146944K, reserved 1177600K
  class space    used 15657K, capacity 19559K, committed 19764K, reserved 1048576K
Event: 163138.819 GC heap after
Heap after GC invocations=232 (full 0):
 garbage-first heap   total 262144K, used 121075K [0x0000000780000000, 0x0000000780100800, 0x00000007c0000000)
  region size 1024K, 4 young (4096K), 4 survivors (4096K)
 Metaspace       used 133780K, capacity 146519K, committed 146944K, reserved 1177600K
  class space    used 15657K, capacity 19559K, committed 19764K, reserved 1048576K
}
Event: 163158.868 GC heap before
{Heap before GC invocations=232 (full 0):
 garbage-first heap   total 262144K, used 230643K [0x0000000780000000, 0x0000000780100800, 0x00000007c0000000)
  region size 1024K, 111 young (113664K), 4 survivors (4096K)
 Metaspace       used 133782K, capacity 146519K, committed 146944K, reserved 1177600K
  class space    used 15657K, capacity 19559K, committed 19764K, reserved 1048576K
Event: 163158.903 GC heap after
Heap after GC invocations=233 (full 0):
 garbage-first heap   total 262144K, used 120605K [0x0000000780000000, 0x0000000780100800, 0x00000007c0000000)
  region size 1024K, 4 young (4096K), 4 survivors (4096K)
 Metaspace       used 133782K, capacity 146519K, committed 146944K, reserved 1177600K
  class space    used 15657K, capacity 19559K, committed 19764K, reserved 1048576K
}
Event: 163219.280 GC heap before
{Heap before GC invocations=233 (full 0):
 garbage-first heap   total 262144K, used 230173K [0x0000000780000000, 0x0000000780100800, 0x00000007c0000000)
  region size 1024K, 111 young (113664K), 4 survivors (4096K)
 Metaspace       used 133787K, capacity 146519K, committed 146944K, reserved 1177600K
  class space    used 15657K, capacity 19559K, committed 19764K, reserved 1048576K
Event: 163219.350 GC heap after
Heap after GC invocations=234 (full 0):
 garbage-first heap   total 262144K, used 121123K [0x0000000780000000, 0x0000000780100800, 0x00000007c0000000)
  region size 1024K, 4 young (4096K), 4 survivors (4096K)
 Metaspace       used 133787K, capacity 146519K, committed 146944K, reserved 1177600K
  class space    used 15657K, capacity 19559K, committed 19764K, reserved 1048576K
}
Event: 163248.121 GC heap before
{Heap before GC invocations=234 (full 0):
 garbage-first heap   total 262144K, used 230691K [0x0000000780000000, 0x0000000780100800, 0x00000007c0000000)
  region size 1024K, 111 young (113664K), 4 survivors (4096K)
 Metaspace       used 133831K, capacity 146647K, committed 147200K, reserved 1177600K
  class space    used 15657K, capacity 19559K, committed 19764K, reserved 1048576K
Event: 163248.178 GC heap after
Heap after GC invocations=235 (full 0):
 garbage-first heap   total 262144K, used 122693K [0x0000000780000000, 0x0000000780100800, 0x00000007c0000000)
  region size 1024K, 6 young (6144K), 6 survivors (6144K)
 Metaspace       used 133831K, capacity 146647K, committed 147200K, reserved 1177600K
  class space    used 15657K, capacity 19559K, committed 19764K, reserved 1048576K
}
Event: 163276.441 GC heap before
{Heap before GC invocations=235 (full 0):
 garbage-first heap   total 262144K, used 228165K [0x0000000780000000, 0x0000000780100800, 0x00000007c0000000)
  region size 1024K, 109 young (111616K), 6 survivors (6144K)
 Metaspace       used 133843K, capacity 146647K, committed 147200K, reserved 1177600K
  class space    used 15657K, capacity 19559K, committed 19764K, reserved 1048576K
Event: 163276.462 GC heap after
Heap after GC invocations=236 (full 0):
 garbage-first heap   total 262144K, used 122207K [0x0000000780000000, 0x0000000780100800, 0x00000007c0000000)
  region size 1024K, 5 young (5120K), 5 survivors (5120K)
 Metaspace       used 133843K, capacity 146647K, committed 147200K, reserved 1177600K
  class space    used 15657K, capacity 19559K, committed 19764K, reserved 1048576K
}

Deoptimization events (10 events):
Event: 163122.055 Thread 0x0000000101253000 Uncommon trap: reason=class_check action=maybe_recompile pc=0x00000001120528e4 method=org.eclipse.cdt.internal.core.dom.parser.cpp.GNUCPPSourceParser.expression(Lorg/eclipse/cdt/internal/core/dom/parser/AbstractGNUSourceCodeParser$ExprKind;Lorg/eclipse/cd
Event: 163122.055 Thread 0x0000000101253000 Uncommon trap: reason=unstable_if action=reinterpret pc=0x0000000112f61d10 method=org.eclipse.cdt.internal.core.dom.parser.cpp.GNUCPPSourceParser.declSpecifierSeq(Lorg/eclipse/cdt/internal/core/dom/parser/DeclarationOptions;Z)Lorg/eclipse/cdt/internal/cor
Event: 163122.158 Thread 0x00000001041a9000 Uncommon trap: reason=class_check action=maybe_recompile pc=0x00000001120528e4 method=org.eclipse.cdt.internal.core.dom.parser.cpp.GNUCPPSourceParser.expression(Lorg/eclipse/cdt/internal/core/dom/parser/AbstractGNUSourceCodeParser$ExprKind;Lorg/eclipse/cd
Event: 163145.625 Thread 0x000000010101c800 Uncommon trap: reason=null_check action=make_not_entrant pc=0x000000010ced222c method=org.eclipse.cdt.internal.ui.text.contentassist.CContentAssistInvocationContext.getCompletionNode()Lorg/eclipse/cdt/core/dom/ast/IASTCompletionNode; @ 77
Event: 163146.949 Thread 0x000000010101c800 Uncommon trap: reason=unstable_if action=reinterpret pc=0x000000010fe17ffc method=org.eclipse.jface.action.StatusLine.updateMessageLabel()V @ 29
Event: 163172.030 Thread 0x000000010101c800 Uncommon trap: reason=bimorphic action=maybe_recompile pc=0x0000000110fb60ec method=org.eclipse.cdt.core.dom.ast.ASTGenericVisitor.visit(Lorg/eclipse/cdt/core/dom/ast/IASTInitializer;)I @ 2
Event: 163172.041 Thread 0x000000010101c800 Uncommon trap: reason=bimorphic action=maybe_recompile pc=0x0000000110fb60ec method=org.eclipse.cdt.core.dom.ast.ASTGenericVisitor.visit(Lorg/eclipse/cdt/core/dom/ast/IASTInitializer;)I @ 2
Event: 163172.045 Thread 0x000000010101c800 Uncommon trap: reason=bimorphic action=maybe_recompile pc=0x0000000110fb60ec method=org.eclipse.cdt.core.dom.ast.ASTGenericVisitor.visit(Lorg/eclipse/cdt/core/dom/ast/IASTInitializer;)I @ 2
Event: 163252.422 Thread 0x000000010101c800 Uncommon trap: reason=bimorphic action=maybe_recompile pc=0x0000000112cd75d0 method=org.eclipse.swt.custom.StyledText.getOffsetAtPoint(III[I)I @ 118
Event: 163252.438 Thread 0x000000010101c800 Uncommon trap: reason=bimorphic action=maybe_recompile pc=0x0000000110542474 method=org.eclipse.swt.custom.StyledText.getBoundsAtOffset(I)Lorg/eclipse/swt/graphics/Rectangle; @ 5

Internal exceptions (10 events):
Event: 163275.689 Thread 0x00000001265cc800 Exception <a 'java/lang/UnsatisfiedLinkError': org.eclipse.cdt.utils.spawner.SpawnerInputStream.available0(I)I> (0x0000000789d3e350) thrown at [/Users/java_re/workspace/8-2-build-macosx-x86_64/jdk8u91/6644/hotspot/src/share/vm/prims/nativeLookup.cpp, line
Event: 163275.692 Thread 0x00000001265cc800 Exception <a 'java/lang/UnsatisfiedLinkError': org.eclipse.cdt.utils.spawner.SpawnerInputStream.available0(I)I> (0x0000000789d40cb8) thrown at [/Users/java_re/workspace/8-2-build-macosx-x86_64/jdk8u91/6644/hotspot/src/share/vm/prims/nativeLookup.cpp, line
Event: 163275.694 Thread 0x00000001265cc800 Exception <a 'java/lang/UnsatisfiedLinkError': org.eclipse.cdt.utils.spawner.SpawnerInputStream.available0(I)I> (0x0000000789d43330) thrown at [/Users/java_re/workspace/8-2-build-macosx-x86_64/jdk8u91/6644/hotspot/src/share/vm/prims/nativeLookup.cpp, line
Event: 163276.325 Thread 0x00000001265cc800 Exception <a 'java/lang/UnsatisfiedLinkError': org.eclipse.cdt.utils.spawner.SpawnerInputStream.available0(I)I> (0x0000000789d46ae0) thrown at [/Users/java_re/workspace/8-2-build-macosx-x86_64/jdk8u91/6644/hotspot/src/share/vm/prims/nativeLookup.cpp, line
Event: 163276.329 Thread 0x00000001265cc800 Exception <a 'java/lang/UnsatisfiedLinkError': org.eclipse.cdt.utils.spawner.SpawnerInputStream.available0(I)I> (0x0000000789d493a0) thrown at [/Users/java_re/workspace/8-2-build-macosx-x86_64/jdk8u91/6644/hotspot/src/share/vm/prims/nativeLookup.cpp, line
Event: 163276.333 Thread 0x00000001265cc800 Exception <a 'java/lang/UnsatisfiedLinkError': org.eclipse.cdt.utils.spawner.SpawnerInputStream.available0(I)I> (0x0000000789d4b668) thrown at [/Users/java_re/workspace/8-2-build-macosx-x86_64/jdk8u91/6644/hotspot/src/share/vm/prims/nativeLookup.cpp, line
Event: 163276.337 Thread 0x00000001265cc800 Exception <a 'java/lang/UnsatisfiedLinkError': org.eclipse.cdt.utils.spawner.SpawnerInputStream.available0(I)I> (0x0000000789d4dd30) thrown at [/Users/java_re/workspace/8-2-build-macosx-x86_64/jdk8u91/6644/hotspot/src/share/vm/prims/nativeLookup.cpp, line
Event: 163276.339 Thread 0x00000001265cc800 Exception <a 'java/lang/UnsatisfiedLinkError': org.eclipse.cdt.utils.spawner.SpawnerInputStream.available0(I)I> (0x0000000789d502a8) thrown at [/Users/java_re/workspace/8-2-build-macosx-x86_64/jdk8u91/6644/hotspot/src/share/vm/prims/nativeLookup.cpp, line
Event: 163276.395 Thread 0x00000001265cc800 Exception <a 'java/lang/UnsatisfiedLinkError': org.eclipse.cdt.utils.spawner.SpawnerInputStream.available0(I)I> (0x0000000789d52f60) thrown at [/Users/java_re/workspace/8-2-build-macosx-x86_64/jdk8u91/6644/hotspot/src/share/vm/prims/nativeLookup.cpp, line
Event: 163276.398 Thread 0x00000001265cc800 Exception <a 'java/lang/UnsatisfiedLinkError': org.eclipse.cdt.utils.spawner.SpawnerInputStream.available0(I)I> (0x0000000789d557b8) thrown at [/Users/java_re/workspace/8-2-build-macosx-x86_64/jdk8u91/6644/hotspot/src/share/vm/prims/nativeLookup.cpp, line

Events (10 events):
Event: 163276.479 Thread 0x000000010105f800 flushing nmethod 0x0000000110514710
Event: 163276.552 Executing VM operation: RevokeBias
Event: 163276.552 Executing VM operation: RevokeBias done
Event: 163276.558 Executing VM operation: RevokeBias
Event: 163276.558 Executing VM operation: RevokeBias done
Event: 163276.561 Thread 0x000000010105f800 flushing nmethod 0x000000011070af10
Event: 163276.564 Executing VM operation: RevokeBias
Event: 163276.565 Executing VM operation: RevokeBias done
Event: 163276.565 Thread 0x000000010105f800 flushing nmethod 0x0000000110ac9a50
Event: 163276.568 Thread 0x0000000125a54800 Thread added: 0x0000000125a54800


Dynamic libraries:
0x000000000a39f000 	/System/Library/Frameworks/Cocoa.framework/Versions/A/Cocoa
0x000000000a39f000 	/usr/lib/libSystem.B.dylib
0x000000000a39f000 	/System/Library/Frameworks/CoreServices.framework/Versions/A/CoreServices
0x000000000a39f000 	/usr/lib/libobjc.A.dylib
0x000000000a39f000 	/System/Library/Frameworks/CoreFoundation.framework/Versions/A/CoreFoundation
0x000000000a39f000 	/System/Library/Frameworks/AppKit.framework/Versions/C/AppKit
0x000000000a39f000 	/System/Library/Frameworks/ApplicationServices.framework/Versions/A/ApplicationServices
0x000000000a39f000 	/System/Library/Frameworks/Foundation.framework/Versions/C/Foundation
0x000000000a39f000 	/System/Library/Frameworks/CoreData.framework/Versions/A/CoreData
0x000000000a39f000 	/System/Library/PrivateFrameworks/RemoteViewServices.framework/Versions/A/RemoteViewServices
0x000000000a39f000 	/System/Library/PrivateFrameworks/UIFoundation.framework/Versions/A/UIFoundation
0x000000000a39f000 	/System/Library/PrivateFrameworks/DFRFoundation.framework/Versions/A/DFRFoundation
0x000000000a39f000 	/usr/lib/libenergytrace.dylib
0x000000000a39f000 	/System/Library/PrivateFrameworks/SkyLight.framework/Versions/A/SkyLight
0x000000000a39f000 	/System/Library/Frameworks/CoreGraphics.framework/Versions/A/CoreGraphics
0x000000000a39f000 	/usr/lib/libScreenReader.dylib
0x000000000a39f000 	/System/Library/Frameworks/Accelerate.framework/Versions/A/Accelerate
0x000000000a39f000 	/System/Library/Frameworks/IOSurface.framework/Versions/A/IOSurface
0x000000000a39f000 	/System/Library/Frameworks/AudioToolbox.framework/Versions/A/AudioToolbox
0x000000000a39f000 	/System/Library/Frameworks/AudioUnit.framework/Versions/A/AudioUnit
0x000000000a39f000 	/System/Library/PrivateFrameworks/DataDetectorsCore.framework/Versions/A/DataDetectorsCore
0x000000000a39f000 	/System/Library/PrivateFrameworks/DesktopServicesPriv.framework/Versions/A/DesktopServicesPriv
0x000000000a39f000 	/System/Library/Frameworks/Carbon.framework/Versions/A/Frameworks/HIToolbox.framework/Versions/A/HIToolbox
0x000000000a39f000 	/usr/lib/libicucore.A.dylib
0x000000000a39f000 	/usr/lib/libz.1.dylib
0x000000000a39f000 	/System/Library/Frameworks/QuartzCore.framework/Versions/A/QuartzCore
0x000000000a39f000 	/System/Library/Frameworks/Security.framework/Versions/A/Security
0x000000000a39f000 	/System/Library/Frameworks/Carbon.framework/Versions/A/Frameworks/SpeechRecognition.framework/Versions/A/SpeechRecognition
0x000000000a39f000 	/usr/lib/libauto.dylib
0x000000000a39f000 	/usr/lib/libxml2.2.dylib
0x000000000a39f000 	/System/Library/PrivateFrameworks/CoreUI.framework/Versions/A/CoreUI
0x000000000a39f000 	/System/Library/Frameworks/CoreAudio.framework/Versions/A/CoreAudio
0x000000000a39f000 	/System/Library/Frameworks/DiskArbitration.framework/Versions/A/DiskArbitration
0x000000000a39f000 	/usr/lib/liblangid.dylib
0x000000000a39f000 	/System/Library/PrivateFrameworks/MultitouchSupport.framework/Versions/A/MultitouchSupport
0x000000000a39f000 	/System/Library/Frameworks/IOKit.framework/Versions/A/IOKit
0x000000000a39f000 	/usr/lib/libDiagnosticMessagesClient.dylib
0x000000000a39f000 	/System/Library/PrivateFrameworks/PerformanceAnalysis.framework/Versions/A/PerformanceAnalysis
0x000000000a39f000 	/System/Library/PrivateFrameworks/GenerationalStorage.framework/Versions/A/GenerationalStorage
0x000000000a39f000 	/System/Library/Frameworks/OpenGL.framework/Versions/A/OpenGL
0x000000000a39f000 	/System/Library/Frameworks/CoreImage.framework/Versions/A/CoreImage
0x000000000a39f000 	/System/Library/Frameworks/CoreText.framework/Versions/A/CoreText
0x000000000a39f000 	/System/Library/Frameworks/ImageIO.framework/Versions/A/ImageIO
0x000000000a39f000 	/System/Library/PrivateFrameworks/Backup.framework/Versions/A/Backup
0x000000000a39f000 	/usr/lib/libarchive.2.dylib
0x000000000a39f000 	/System/Library/Frameworks/CFNetwork.framework/Versions/A/CFNetwork
0x000000000a39f000 	/System/Library/Frameworks/SystemConfiguration.framework/Versions/A/SystemConfiguration
0x000000000a39f000 	/usr/lib/libCRFSuite.dylib
0x000000000a39f000 	/usr/lib/libc++.1.dylib
0x000000000a39f000 	/usr/lib/libc++abi.dylib
0x000000000a39f000 	/usr/lib/system/libcache.dylib
0x000000000a39f000 	/usr/lib/system/libcommonCrypto.dylib
0x000000000a39f000 	/usr/lib/system/libcompiler_rt.dylib
0x000000000a39f000 	/usr/lib/system/libcopyfile.dylib
0x000000000a39f000 	/usr/lib/system/libcorecrypto.dylib
0x000000000a39f000 	/usr/lib/system/libdispatch.dylib
0x000000000a39f000 	/usr/lib/system/libdyld.dylib
0x000000000a39f000 	/usr/lib/system/libkeymgr.dylib
0x000000000a39f000 	/usr/lib/system/liblaunch.dylib
0x000000000a39f000 	/usr/lib/system/libmacho.dylib
0x000000000a39f000 	/usr/lib/system/libquarantine.dylib
0x000000000a39f000 	/usr/lib/system/libremovefile.dylib
0x000000000a39f000 	/usr/lib/system/libsystem_asl.dylib
0x000000000a39f000 	/usr/lib/system/libsystem_blocks.dylib
0x000000000a39f000 	/usr/lib/system/libsystem_c.dylib
0x000000000a39f000 	/usr/lib/system/libsystem_configuration.dylib
0x000000000a39f000 	/usr/lib/system/libsystem_coreservices.dylib
0x000000000a39f000 	/usr/lib/system/libsystem_coretls.dylib
0x000000000a39f000 	/usr/lib/system/libsystem_dnssd.dylib
0x000000000a39f000 	/usr/lib/system/libsystem_info.dylib
0x000000000a39f000 	/usr/lib/system/libsystem_kernel.dylib
0x000000000a39f000 	/usr/lib/system/libsystem_m.dylib
0x000000000a39f000 	/usr/lib/system/libsystem_malloc.dylib
0x000000000a39f000 	/usr/lib/system/libsystem_network.dylib
0x000000000a39f000 	/usr/lib/system/libsystem_networkextension.dylib
0x000000000a39f000 	/usr/lib/system/libsystem_notify.dylib
0x000000000a39f000 	/usr/lib/system/libsystem_platform.dylib
0x000000000a39f000 	/usr/lib/system/libsystem_pthread.dylib
0x000000000a39f000 	/usr/lib/system/libsystem_sandbox.dylib
0x000000000a39f000 	/usr/lib/system/libsystem_secinit.dylib
0x000000000a39f000 	/usr/lib/system/libsystem_symptoms.dylib
0x000000000a39f000 	/usr/lib/system/libsystem_trace.dylib
0x000000000a39f000 	/usr/lib/system/libunwind.dylib
0x000000000a39f000 	/usr/lib/system/libxpc.dylib
0x000000000a39f000 	/usr/lib/libbsm.0.dylib
0x000000000a39f000 	/usr/lib/system/libkxld.dylib
0x000000000a39f000 	/usr/lib/libcoretls.dylib
0x000000000a39f000 	/usr/lib/libcoretls_cfhelpers.dylib
0x000000000a39f000 	/usr/lib/libxar.1.dylib
0x000000000a39f000 	/usr/lib/libsqlite3.dylib
0x000000000a39f000 	/usr/lib/libpam.2.dylib
0x000000000a39f000 	/usr/lib/libOpenScriptingUtil.dylib
0x000000000a39f000 	/usr/lib/libbz2.1.0.dylib
0x000000000a39f000 	/usr/lib/liblzma.5.dylib
0x000000000a39f000 	/usr/lib/libnetwork.dylib
0x000000000a39f000 	/usr/lib/libpcap.A.dylib
0x000000000a39f000 	/System/Library/Frameworks/CoreServices.framework/Versions/A/Frameworks/FSEvents.framework/Versions/A/FSEvents
0x000000000a39f000 	/System/Library/Frameworks/CoreServices.framework/Versions/A/Frameworks/CarbonCore.framework/Versions/A/CarbonCore
0x000000000a39f000 	/System/Library/Frameworks/CoreServices.framework/Versions/A/Frameworks/Metadata.framework/Versions/A/Metadata
0x000000000a39f000 	/System/Library/Frameworks/CoreServices.framework/Versions/A/Frameworks/OSServices.framework/Versions/A/OSServices
0x000000000a39f000 	/System/Library/Frameworks/CoreServices.framework/Versions/A/Frameworks/SearchKit.framework/Versions/A/SearchKit
0x000000000a39f000 	/System/Library/Frameworks/CoreServices.framework/Versions/A/Frameworks/AE.framework/Versions/A/AE
0x000000000a39f000 	/System/Library/Frameworks/CoreServices.framework/Versions/A/Frameworks/LaunchServices.framework/Versions/A/LaunchServices
0x000000000a39f000 	/System/Library/Frameworks/CoreServices.framework/Versions/A/Frameworks/DictionaryServices.framework/Versions/A/DictionaryServices
0x000000000a39f000 	/System/Library/Frameworks/CoreServices.framework/Versions/A/Frameworks/SharedFileList.framework/Versions/A/SharedFileList
0x000000000a39f000 	/System/Library/Frameworks/NetFS.framework/Versions/A/NetFS
0x000000000a39f000 	/System/Library/PrivateFrameworks/NetAuth.framework/Versions/A/NetAuth
0x000000000a39f000 	/System/Library/PrivateFrameworks/login.framework/Versions/A/Frameworks/loginsupport.framework/Versions/A/loginsupport
0x000000000a39f000 	/System/Library/PrivateFrameworks/TCC.framework/Versions/A/TCC
0x000000000a39f000 	/usr/lib/libmecabra.dylib
0x000000000a39f000 	/System/Library/Frameworks/ApplicationServices.framework/Versions/A/Frameworks/ATS.framework/Versions/A/ATS
0x000000000a39f000 	/System/Library/Frameworks/ApplicationServices.framework/Versions/A/Frameworks/ColorSync.framework/Versions/A/ColorSync
0x000000000a39f000 	/System/Library/Frameworks/ApplicationServices.framework/Versions/A/Frameworks/HIServices.framework/Versions/A/HIServices
0x000000000a39f000 	/System/Library/Frameworks/ApplicationServices.framework/Versions/A/Frameworks/LangAnalysis.framework/Versions/A/LangAnalysis
0x000000000a39f000 	/System/Library/Frameworks/ApplicationServices.framework/Versions/A/Frameworks/PrintCore.framework/Versions/A/PrintCore
0x000000000a39f000 	/System/Library/Frameworks/ApplicationServices.framework/Versions/A/Frameworks/QD.framework/Versions/A/QD
0x000000000a39f000 	/System/Library/Frameworks/ApplicationServices.framework/Versions/A/Frameworks/SpeechSynthesis.framework/Versions/A/SpeechSynthesis
0x000000000a39f000 	/System/Library/Frameworks/Accelerate.framework/Versions/A/Frameworks/vImage.framework/Versions/A/vImage
0x000000000a39f000 	/System/Library/Frameworks/Accelerate.framework/Versions/A/Frameworks/vecLib.framework/Versions/A/vecLib
0x000000000a39f000 	/System/Library/Frameworks/Accelerate.framework/Versions/A/Frameworks/vecLib.framework/Versions/A/libvDSP.dylib
0x000000000a39f000 	/System/Library/Frameworks/Accelerate.framework/Versions/A/Frameworks/vecLib.framework/Versions/A/libBNNS.dylib
0x000000000a39f000 	/System/Library/Frameworks/Accelerate.framework/Versions/A/Frameworks/vecLib.framework/Versions/A/libQuadrature.dylib
0x000000000a39f000 	/System/Library/Frameworks/Accelerate.framework/Versions/A/Frameworks/vecLib.framework/Versions/A/libvMisc.dylib
0x000000000a39f000 	/System/Library/Frameworks/Accelerate.framework/Versions/A/Frameworks/vecLib.framework/Versions/A/libLAPACK.dylib
0x000000000a39f000 	/System/Library/Frameworks/Accelerate.framework/Versions/A/Frameworks/vecLib.framework/Versions/A/libBLAS.dylib
0x000000000a39f000 	/System/Library/Frameworks/Accelerate.framework/Versions/A/Frameworks/vecLib.framework/Versions/A/libLinearAlgebra.dylib
0x000000000a39f000 	/System/Library/Frameworks/Accelerate.framework/Versions/A/Frameworks/vecLib.framework/Versions/A/libSparseBLAS.dylib
0x000000000a39f000 	/System/Library/Frameworks/ApplicationServices.framework/Versions/A/Frameworks/ATS.framework/Versions/A/Resources/libFontParser.dylib
0x000000000a39f000 	/System/Library/Frameworks/ApplicationServices.framework/Versions/A/Frameworks/ATS.framework/Versions/A/Resources/libFontRegistry.dylib
0x000000000a39f000 	/System/Library/Frameworks/ImageIO.framework/Versions/A/Resources/libJPEG.dylib
0x000000000a39f000 	/System/Library/Frameworks/ImageIO.framework/Versions/A/Resources/libTIFF.dylib
0x000000000a39f000 	/System/Library/Frameworks/ImageIO.framework/Versions/A/Resources/libPng.dylib
0x000000000a39f000 	/System/Library/Frameworks/ImageIO.framework/Versions/A/Resources/libGIF.dylib
0x000000000a39f000 	/System/Library/Frameworks/ImageIO.framework/Versions/A/Resources/libJP2.dylib
0x000000000a39f000 	/System/Library/Frameworks/ImageIO.framework/Versions/A/Resources/libRadiance.dylib
0x000000000a39f000 	/usr/lib/libcompression.dylib
0x000000000a39f000 	/System/Library/PrivateFrameworks/AppleJPEG.framework/Versions/A/AppleJPEG
0x000000000a39f000 	/usr/lib/libcups.2.dylib
0x000000000a39f000 	/System/Library/Frameworks/Kerberos.framework/Versions/A/Kerberos
0x000000000a39f000 	/System/Library/Frameworks/GSS.framework/Versions/A/GSS
0x000000000a39f000 	/usr/lib/libresolv.9.dylib
0x000000000a39f000 	/usr/lib/libiconv.2.dylib
0x000000000a39f000 	/System/Library/PrivateFrameworks/Heimdal.framework/Versions/A/Heimdal
0x000000000a39f000 	/usr/lib/libheimdal-asn1.dylib
0x000000000a39f000 	/System/Library/Frameworks/OpenDirectory.framework/Versions/A/OpenDirectory
0x000000000a39f000 	/System/Library/PrivateFrameworks/CommonAuth.framework/Versions/A/CommonAuth
0x000000000a39f000 	/System/Library/Frameworks/OpenDirectory.framework/Versions/A/Frameworks/CFOpenDirectory.framework/Versions/A/CFOpenDirectory
0x000000000a39f000 	/System/Library/Frameworks/SecurityFoundation.framework/Versions/A/SecurityFoundation
0x000000000a39f000 	/System/Library/PrivateFrameworks/LanguageModeling.framework/Versions/A/LanguageModeling
0x000000000a39f000 	/usr/lib/libmarisa.dylib
0x000000000a39f000 	/usr/lib/libChineseTokenizer.dylib
0x000000000a39f000 	/usr/lib/libcmph.dylib
0x000000000a39f000 	/System/Library/PrivateFrameworks/CoreEmoji.framework/Versions/A/CoreEmoji
0x000000000a39f000 	/System/Library/Frameworks/ServiceManagement.framework/Versions/A/ServiceManagement
0x000000000a39f000 	/usr/lib/libxslt.1.dylib
0x000000000a39f000 	/System/Library/Frameworks/Carbon.framework/Versions/A/Frameworks/Ink.framework/Versions/A/Ink
0x000000000a39f000 	/System/Library/PrivateFrameworks/TextureIO.framework/Versions/A/TextureIO
0x000000000a39f000 	/System/Library/Frameworks/Metal.framework/Versions/A/Metal
0x000000000a39f000 	/usr/lib/libate.dylib
0x000000000a39f000 	/System/Library/PrivateFrameworks/GPUCompiler.framework/libmetal_timestamp.dylib
0x000000000a39f000 	/System/Library/Frameworks/OpenGL.framework/Versions/A/Libraries/libCoreFSCache.dylib
0x000000000a39f000 	/System/Library/PrivateFrameworks/IOAccelerator.framework/Versions/A/IOAccelerator
0x000000000a39f000 	/System/Library/Frameworks/CoreVideo.framework/Versions/A/CoreVideo
0x000000000a39f000 	/usr/lib/libFosl_dynamic.dylib
0x000000000a39f000 	/System/Library/PrivateFrameworks/MetalPerformanceShaders.framework/Versions/A/MetalPerformanceShaders
0x000000000a39f000 	/System/Library/PrivateFrameworks/FaceCore.framework/Versions/A/FaceCore
0x000000000a39f000 	/System/Library/Frameworks/OpenCL.framework/Versions/A/OpenCL
0x000000000a39f000 	/System/Library/Frameworks/OpenGL.framework/Versions/A/Libraries/libGLU.dylib
0x000000000a39f000 	/System/Library/Frameworks/OpenGL.framework/Versions/A/Libraries/libGFXShared.dylib
0x000000000a39f000 	/System/Library/Frameworks/OpenGL.framework/Versions/A/Libraries/libGL.dylib
0x000000000a39f000 	/System/Library/Frameworks/OpenGL.framework/Versions/A/Libraries/libGLImage.dylib
0x000000000a39f000 	/System/Library/Frameworks/OpenGL.framework/Versions/A/Libraries/libCVMSPluginSupport.dylib
0x000000000a39f000 	/System/Library/Frameworks/OpenGL.framework/Versions/A/Libraries/libCoreVMClient.dylib
0x000000000a39f000 	/System/Library/PrivateFrameworks/CrashReporterSupport.framework/Versions/A/CrashReporterSupport
0x000000000a39f000 	/System/Library/PrivateFrameworks/Sharing.framework/Versions/A/Sharing
0x000000000a39f000 	/System/Library/PrivateFrameworks/IconServices.framework/Versions/A/IconServices
0x000000000a39f000 	/System/Library/PrivateFrameworks/ProtocolBuffer.framework/Versions/A/ProtocolBuffer
0x000000000a39f000 	/System/Library/PrivateFrameworks/Apple80211.framework/Versions/A/Apple80211
0x000000000a39f000 	/System/Library/Frameworks/CoreWLAN.framework/Versions/A/CoreWLAN
0x000000000a39f000 	/System/Library/PrivateFrameworks/CoreUtils.framework/Versions/A/CoreUtils
0x000000000a39f000 	/System/Library/Frameworks/IOBluetooth.framework/Versions/A/IOBluetooth
0x000000000a39f000 	/System/Library/PrivateFrameworks/CoreWiFi.framework/Versions/A/CoreWiFi
0x000000000a39f000 	/System/Library/Frameworks/CoreBluetooth.framework/Versions/A/CoreBluetooth
0x000000000a39f000 	/System/Library/Frameworks/CoreDisplay.framework/Versions/A/CoreDisplay
0x000000000a39f000 	/System/Library/PrivateFrameworks/IOPresentment.framework/Versions/A/IOPresentment
0x000000000a39f000 	/System/Library/PrivateFrameworks/DebugSymbols.framework/Versions/A/DebugSymbols
0x000000000a39f000 	/System/Library/PrivateFrameworks/CoreSymbolication.framework/Versions/A/CoreSymbolication
0x000000000a39f000 	/System/Library/PrivateFrameworks/Symbolication.framework/Versions/A/Symbolication
0x000000000a39f000 	/System/Library/PrivateFrameworks/AppleFSCompression.framework/Versions/A/AppleFSCompression
0x000000000a39f000 	/System/Library/PrivateFrameworks/SpeechRecognitionCore.framework/Versions/A/SpeechRecognitionCore
0x000000000a39f000 	/System/Library/PrivateFrameworks/ChunkingLibrary.framework/Versions/A/ChunkingLibrary
0x0000000100308000 	/Users/alavery/.p2/pool/plugins/org.eclipse.equinox.launcher.cocoa.macosx.x86_64_1.1.400.v20160518-1444/eclipse_1615.so
0x000000000a39f000 	/System/Library/PrivateFrameworks/CoreServicesInternal.framework/Versions/A/CoreServicesInternal
0x0000000100348000 	/Library/Java/JavaVirtualMachines/jdk1.8.0_91.jdk/Contents/MacOS/libjli.dylib
0x0000000104bcb000 	/Library/Java/JavaVirtualMachines/jdk1.8.0_91.jdk/Contents/Home/jre//lib/server/libjvm.dylib
0x000000000a39f000 	/usr/lib/libstdc++.6.dylib
0x0000000100358000 	/Library/Java/JavaVirtualMachines/jdk1.8.0_91.jdk/Contents/Home/jre/lib/libverify.dylib
0x0000000100366000 	/Library/Java/JavaVirtualMachines/jdk1.8.0_91.jdk/Contents/Home/jre/lib/libjava.dylib
0x00000001003a4000 	/Library/Java/JavaVirtualMachines/jdk1.8.0_91.jdk/Contents/Home/jre/lib/libzip.dylib
0x000000010b565000 	/System/Library/Frameworks/JavaVM.framework/Frameworks/JavaRuntimeSupport.framework/JavaRuntimeSupport
0x000000010b57f000 	/System/Library/Frameworks/JavaVM.framework/Versions/A/Frameworks/JavaNativeFoundation.framework/Versions/A/JavaNativeFoundation
0x00000001003ee000 	/System/Library/Frameworks/JavaVM.framework/Versions/A/JavaVM
0x000000000a39f000 	/System/Library/Frameworks/Carbon.framework/Versions/A/Carbon
0x0000000103bde000 	/System/Library/PrivateFrameworks/JavaLaunching.framework/Versions/A/JavaLaunching
0x000000000a39f000 	/System/Library/Frameworks/Carbon.framework/Versions/A/Frameworks/CommonPanels.framework/Versions/A/CommonPanels
0x000000000a39f000 	/System/Library/Frameworks/Carbon.framework/Versions/A/Frameworks/Help.framework/Versions/A/Help
0x000000000a39f000 	/System/Library/Frameworks/Carbon.framework/Versions/A/Frameworks/ImageCapture.framework/Versions/A/ImageCapture
0x000000000a39f000 	/System/Library/Frameworks/Carbon.framework/Versions/A/Frameworks/OpenScripting.framework/Versions/A/OpenScripting
0x000000000a39f000 	/System/Library/Frameworks/Carbon.framework/Versions/A/Frameworks/Print.framework/Versions/A/Print
0x000000000a39f000 	/System/Library/Frameworks/Carbon.framework/Versions/A/Frameworks/SecurityHI.framework/Versions/A/SecurityHI
0x000000000a39f000 	/System/Library/CoreServices/RawCamera.bundle/Contents/MacOS/RawCamera
0x000000000a39f000 	/System/Library/Frameworks/Accelerate.framework/Versions/A/Frameworks/vImage.framework/Versions/A/Libraries/libCGInterfaces.dylib
0x000000000a39f000 	/System/Library/PrivateFrameworks/FamilyControls.framework/Versions/A/FamilyControls
0x000000000a39f000 	/System/Library/PrivateFrameworks/CommerceKit.framework/Versions/A/Frameworks/CommerceCore.framework/Versions/A/CommerceCore
0x000000000a39f000 	/System/Library/PrivateFrameworks/SystemAdministration.framework/Versions/A/SystemAdministration
0x000000000a39f000 	/System/Library/PrivateFrameworks/AppContainer.framework/Versions/A/AppContainer
0x000000000a39f000 	/System/Library/PrivateFrameworks/SecCodeWrapper.framework/Versions/A/SecCodeWrapper
0x000000000a39f000 	/System/Library/Frameworks/DirectoryService.framework/Versions/A/DirectoryService
0x000000000a39f000 	/System/Library/PrivateFrameworks/DiskImages.framework/Versions/A/DiskImages
0x000000000a39f000 	/System/Library/PrivateFrameworks/LoginUIKit.framework/Versions/A/Frameworks/LoginUICore.framework/Versions/A/LoginUICore
0x000000000a39f000 	/usr/lib/libCoreStorage.dylib
0x000000000a39f000 	/usr/lib/libcsfde.dylib
0x000000000a39f000 	/usr/lib/libodfde.dylib
0x000000000a39f000 	/System/Library/Frameworks/DiscRecording.framework/Versions/A/DiscRecording
0x000000000a39f000 	/usr/lib/libcurl.4.dylib
0x000000000a39f000 	/System/Library/PrivateFrameworks/MediaKit.framework/Versions/A/MediaKit
0x000000000a39f000 	/System/Library/PrivateFrameworks/ProtectedCloudStorage.framework/Versions/A/ProtectedCloudStorage
0x000000000a39f000 	/System/Library/PrivateFrameworks/EFILogin.framework/Versions/A/EFILogin
0x000000000a39f000 	/usr/lib/libutil.dylib
0x000000000a39f000 	/System/Library/Frameworks/LDAP.framework/Versions/A/LDAP
0x000000000a39f000 	/usr/lib/libsasl2.2.dylib
0x000000000a39f000 	/System/Library/PrivateFrameworks/CoreDaemon.framework/Versions/B/CoreDaemon
0x000000000a39f000 	/System/Library/PrivateFrameworks/AppleSRP.framework/Versions/A/AppleSRP
0x000000000a39f000 	/System/Library/PrivateFrameworks/APFS.framework/Versions/A/APFS
0x000000000a39f000 	/System/Library/Frameworks/ApplicationServices.framework/Versions/A/Frameworks/ATS.framework/Versions/A/Resources/libTrueTypeScaler.dylib
0x000000000a39f000 	/System/Library/Frameworks/OpenGL.framework/Versions/A/Resources/GLEngine.bundle/GLEngine
0x000000000a39f000 	/System/Library/Frameworks/OpenGL.framework/Versions/A/Libraries/libGLProgrammability.dylib
0x000000011e800000 	/System/Library/Extensions/AppleIntelHD4000GraphicsGLDriver.bundle/Contents/MacOS/AppleIntelHD4000GraphicsGLDriver
0x000000000a39f000 	/System/Library/PrivateFrameworks/GPUSupport.framework/Versions/A/Libraries/libGPUSupportMercury.dylib
0x000000000a39f000 	/System/Library/Frameworks/OpenGL.framework/Versions/A/Resources/GLRendererFloat.bundle/GLRendererFloat
0x000000000a39f000 	/System/Library/Frameworks/OpenCL.framework/Versions/A/Libraries/libcldcpuengine.dylib
0x000000000a39f000 	/usr/lib/libcrypto.0.9.8.dylib
0x000000000a39f000 	/System/Library/PrivateFrameworks/TrustEvaluationAgent.framework/Versions/A/TrustEvaluationAgent
0x000000011dc00000 	/System/Library/Extensions/AppleIntelHD4000GraphicsMTLDriver.bundle/Contents/MacOS/AppleIntelHD4000GraphicsMTLDriver
0x000000010bc57000 	/Library/Java/JavaVirtualMachines/jdk1.8.0_91.jdk/Contents/Home/jre/lib/libnet.dylib
0x000000010b594000 	/Library/Java/JavaVirtualMachines/jdk1.8.0_91.jdk/Contents/Home/jre/lib/libnio.dylib
0x000000000a39f000 	/System/Library/PrivateFrameworks/ViewBridge.framework/Versions/A/ViewBridge
0x000000000a39f000 	/System/Library/PrivateFrameworks/XPCService.framework/Versions/A/XPCService
0x000000000a39f000 	/System/Library/PrivateFrameworks/AppSandbox.framework/Versions/A/AppSandbox
0x000000000a39f000 	/usr/lib/libsandbox.1.dylib
0x000000000a39f000 	/usr/lib/libMatch.1.dylib
0x000000010c0c7000 	/Applications/Eclipse.app/Contents/Eclipse/configuration/org.eclipse.osgi/859/0/.cp/libswt-cocoa-4623.jnilib
0x000000000a39f000 	/System/Library/Frameworks/WebKit.framework/Versions/A/WebKit
0x000000000a39f000 	/System/Library/Frameworks/JavaScriptCore.framework/Versions/A/JavaScriptCore
0x000000000a39f000 	/System/Library/Frameworks/SecurityInterface.framework/Versions/A/SecurityInterface
0x000000000a39f000 	/System/Library/Frameworks/WebKit.framework/Versions/A/Frameworks/WebKitLegacy.framework/Versions/A/WebKitLegacy
0x000000000a39f000 	/System/Library/Frameworks/WebKit.framework/Versions/A/Frameworks/WebCore.framework/Versions/A/WebCore
0x000000010c113000 	/Applications/Eclipse.app/Contents/Eclipse/configuration/org.eclipse.osgi/859/0/.cp/libswt-pi-cocoa-4623.jnilib
0x000000010c037000 	/Applications/Eclipse.app/Contents/Eclipse/configuration/org.eclipse.osgi/549/0/.cp/os/macosx/libunixfile_1_0_0.jnilib
0x000000011f3c0000 	/Library/Java/JavaVirtualMachines/jdk1.8.0_91.jdk/Contents/Home/jre/lib/libsunec.dylib
0x000000000a39f000 	/System/Library/PrivateFrameworks/CloudDocs.framework/Versions/A/CloudDocs
0x000000000a39f000 	/System/Library/Frameworks/CloudKit.framework/Versions/A/CloudKit
0x000000000a39f000 	/System/Library/PrivateFrameworks/MMCS.framework/Versions/A/MMCS
0x000000000a39f000 	/System/Library/Frameworks/CoreLocation.framework/Versions/A/CoreLocation
0x000000000a39f000 	/System/Library/PrivateFrameworks/AssetCacheServices.framework/Versions/A/AssetCacheServices
0x000000000a39f000 	/System/Library/PrivateFrameworks/GeoServices.framework/Versions/A/GeoServices
0x000000011dfc1000 	cl_kernels
0x000000000a39f000 	/System/Library/Frameworks/OpenCL.framework/Versions/A/Libraries/ImageFormats/unorm8_bgra.dylib
0x000000000a39f000 	/System/Library/PrivateFrameworks/Shortcut.framework/Versions/A/Shortcut
0x000000000a39f000 	/System/Library/PrivateFrameworks/HelpData.framework/Versions/A/HelpData
0x000000000a39f000 	/System/Library/PrivateFrameworks/DataDetectors.framework/Versions/A/DataDetectors
0x000000000a39f000 	/System/Library/Frameworks/AddressBook.framework/Versions/A/AddressBook
0x000000000a39f000 	/System/Library/Frameworks/Quartz.framework/Versions/A/Quartz
0x000000000a39f000 	/System/Library/PrivateFrameworks/ContactsPersistence.framework/Versions/A/ContactsPersistence
0x000000000a39f000 	/System/Library/PrivateFrameworks/CalendarAgentLink.framework/Versions/A/CalendarAgentLink
0x000000000a39f000 	/System/Library/PrivateFrameworks/ContactsFoundation.framework/Versions/A/ContactsFoundation
0x000000000a39f000 	/System/Library/PrivateFrameworks/vCard.framework/Versions/A/vCard
0x000000000a39f000 	/System/Library/PrivateFrameworks/IntlPreferences.framework/Versions/A/IntlPreferences
0x000000000a39f000 	/System/Library/PrivateFrameworks/ToneLibrary.framework/Versions/A/ToneLibrary
0x000000000a39f000 	/System/Library/PrivateFrameworks/ToneKit.framework/Versions/A/ToneKit
0x000000000a39f000 	/System/Library/PrivateFrameworks/ApplePushService.framework/Versions/A/ApplePushService
0x000000000a39f000 	/System/Library/PrivateFrameworks/PhoneNumbers.framework/Versions/A/PhoneNumbers
0x000000000a39f000 	/System/Library/Frameworks/Accounts.framework/Versions/A/Accounts
0x000000000a39f000 	/System/Library/PrivateFrameworks/OAuth.framework/Versions/A/OAuth
0x000000000a39f000 	/System/Library/Frameworks/AVFoundation.framework/Versions/A/AVFoundation
0x000000000a39f000 	/System/Library/Frameworks/AVFoundation.framework/Versions/A/Frameworks/AVFAudio.framework/Versions/A/AVFAudio
0x000000000a39f000 	/System/Library/Frameworks/CoreMedia.framework/Versions/A/CoreMedia
0x000000000a39f000 	/System/Library/Frameworks/MediaToolbox.framework/Versions/A/MediaToolbox
0x000000000a39f000 	/System/Library/Frameworks/VideoToolbox.framework/Versions/A/VideoToolbox
0x000000000a39f000 	/System/Library/Frameworks/CoreMediaIO.framework/Versions/A/CoreMediaIO
0x000000000a39f000 	/usr/lib/libspindump.dylib
0x000000000a39f000 	/usr/lib/libdscsym.dylib
0x000000000a39f000 	/System/Library/PrivateFrameworks/CoreAVCHD.framework/Versions/A/CoreAVCHD
0x000000000a39f000 	/System/Library/Frameworks/MediaAccessibility.framework/Versions/A/MediaAccessibility
0x000000000a39f000 	/System/Library/PrivateFrameworks/Mangrove.framework/Versions/A/Mangrove
0x000000000a39f000 	/System/Library/PrivateFrameworks/CoreAUC.framework/Versions/A/CoreAUC
0x000000000a39f000 	/System/Library/PrivateFrameworks/AppleVA.framework/Versions/A/AppleVA
0x000000000a39f000 	/System/Library/Frameworks/Quartz.framework/Versions/A/Frameworks/QuartzComposer.framework/Versions/A/QuartzComposer
0x000000000a39f000 	/System/Library/Frameworks/Quartz.framework/Versions/A/Frameworks/PDFKit.framework/Versions/A/PDFKit
0x000000000a39f000 	/System/Library/Frameworks/Quartz.framework/Versions/A/Frameworks/QuartzFilters.framework/Versions/A/QuartzFilters
0x000000000a39f000 	/System/Library/Frameworks/Quartz.framework/Versions/A/Frameworks/ImageKit.framework/Versions/A/ImageKit
0x000000000a39f000 	/System/Library/Frameworks/Quartz.framework/Versions/A/Frameworks/QuickLookUI.framework/Versions/A/QuickLookUI
0x000000000a39f000 	/System/Library/Frameworks/QTKit.framework/Versions/A/QTKit
0x000000000a39f000 	/System/Library/PrivateFrameworks/AppleSystemInfo.framework/Versions/A/AppleSystemInfo
0x000000000a39f000 	/System/Library/PrivateFrameworks/CoreMediaAuthoring.framework/Versions/A/CoreMediaAuthoring
0x000000000a39f000 	/System/Library/PrivateFrameworks/CorePDF.framework/Versions/A/CorePDF
0x000000000a39f000 	/System/Library/Frameworks/SafariServices.framework/Versions/A/SafariServices
0x000000000a39f000 	/System/Library/Frameworks/QuickLook.framework/Versions/A/QuickLook
0x000000000a39f000 	/System/Library/PrivateFrameworks/MobileKeyBag.framework/Versions/A/MobileKeyBag
0x000000000a39f000 	/System/Library/PrivateFrameworks/QuickLookThumbnailing.framework/Versions/A/QuickLookThumbnailing
0x000000000a39f000 	/System/Library/PrivateFrameworks/DisplayServices.framework/Versions/A/DisplayServices
0x000000000a39f000 	/System/Library/Frameworks/ImageCaptureCore.framework/Versions/A/ImageCaptureCore
0x000000011f462000 	/System/Library/PrivateFrameworks/CoreNLP.framework/Versions/A/CoreNLP
0x000000011de96000 	/Applications/Eclipse.app/Contents/Eclipse/configuration/org.eclipse.osgi/978/0/.cp/os/macosx/x86_64/libspawner.jnilib
0x000000010c0ae000 	cl_kernels
0x000000010bb26000 	/Applications/Eclipse.app/Contents/Eclipse/configuration/org.eclipse.osgi/978/0/.cp/os/macosx/x86_64/libpty.jnilib
0x0000000103ca3000 	/usr/lib/libgermantok.dylib

VM Arguments:
jvm_args: -Dosgi.requiredJavaVersion=1.8 -XX:+UseG1GC -XX:+UseStringDeduplication -XstartOnFirstThread -Dorg.eclipse.swt.internal.carbon.smallFonts -Dosgi.requiredJavaVersion=1.8 -Xms256m -Xmx1024m -Xdock:icon=../Resources/Eclipse.icns -XstartOnFirstThread -Dorg.eclipse.swt.internal.carbon.smallFonts -Declipse.p2.max.threads=10 -Doomph.update.url=http://download.eclipse.org/oomph/updates/milestone/latest -Doomph.redirection.index.redirection=index:/->http://git.eclipse.org/c/oomph/org.eclipse.oomph.git/plain/setups/ 
java_command: <unknown>
java_class_path (initial): /Applications/Eclipse.app/Contents/MacOS//../Eclipse/plugins/org.eclipse.equinox.launcher_1.3.200.v20160318-1642.jar
Launcher Type: generic

Environment Variables:
PATH=/usr/bin:/bin:/usr/sbin:/sbin
SHELL=/bin/bash

Signal Handlers:
SIGSEGV: [libjvm.dylib+0x5a97a1], sa_mask[0]=11111111011111110111111111111111, sa_flags=SA_ONSTACK|SA_RESTART|SA_SIGINFO
SIGBUS: [libjvm.dylib+0x5a97a1], sa_mask[0]=11111111011111110111111111111111, sa_flags=SA_RESTART|SA_SIGINFO
SIGFPE: [libjvm.dylib+0x482594], sa_mask[0]=11111111011111110111111111111111, sa_flags=SA_RESTART|SA_SIGINFO
SIGPIPE: [libjvm.dylib+0x482594], sa_mask[0]=11111111011111110111111111111111, sa_flags=SA_RESTART|SA_SIGINFO
SIGXFSZ: [libjvm.dylib+0x482594], sa_mask[0]=11111111011111110111111111111111, sa_flags=SA_RESTART|SA_SIGINFO
SIGILL: [libjvm.dylib+0x482594], sa_mask[0]=11111111011111110111111111111111, sa_flags=SA_RESTART|SA_SIGINFO
SIGUSR1: SIG_DFL, sa_mask[0]=00000000000000000000000000000000, sa_flags=none
SIGUSR2: [libjvm.dylib+0x4820b2], sa_mask[0]=00000000000000000000000000000000, sa_flags=SA_RESTART|SA_SIGINFO
SIGHUP: [libjvm.dylib+0x480689], sa_mask[0]=11111111011111110111111111111111, sa_flags=SA_RESTART|SA_SIGINFO
SIGINT: [libjvm.dylib+0x480689], sa_mask[0]=11111111011111110111111111111111, sa_flags=SA_RESTART|SA_SIGINFO
SIGTERM: [libjvm.dylib+0x480689], sa_mask[0]=11111111011111110111111111111111, sa_flags=SA_RESTART|SA_SIGINFO
SIGQUIT: [libjvm.dylib+0x480689], sa_mask[0]=11111111011111110111111111111111, sa_flags=SA_RESTART|SA_SIGINFO


---------------  S Y S T E M  ---------------

OS:Bsduname:Darwin 16.1.0 Darwin Kernel Version 16.1.0: Wed Oct 19 20:31:56 PDT 2016; root:xnu-3789.21.4~4/RELEASE_X86_64 x86_64
rlimit: STACK 8192k, CORE 0k, NPROC 709, NOFILE 10240, AS infinity
load average:1.81 1.79 1.98

CPU:total 4 (2 cores per cpu, 2 threads per core) family 6 model 58 stepping 9, cmov, cx8, fxsr, mmx, sse, sse2, sse3, ssse3, sse4.1, sse4.2, popcnt, avx, aes, clmul, erms, ht, tsc, tscinvbit, tscinv

Memory: 4k page, physical 8388608k(1086240k free)

/proc/meminfo:


vm_info: Java HotSpot(TM) 64-Bit Server VM (25.91-b14) for bsd-amd64 JRE (1.8.0_91-b14), built on Apr  1 2016 01:03:00 by "java_re" with gcc 4.2.1 (Based on Apple Inc. build 5658) (LLVM build 2336.11.00)

time: Wed Jan 25 17:46:18 2017
elapsed time: 163277 seconds (1d 21h 21m 17s)

